--------------- Build Started: 09/13/2019 16:16:41 Project: CS301_Class, Configuration: ARM GCC 4.9-2015-q1-update Debug ---------------
cydsfit.exe -.appdatapath "C:\Users\lken274\AppData\Local\Cypress Semiconductor\PSoC Creator\3.3" -.fdsnotice -.fdswarpdepfile=warp_dependencies.txt -.fdselabdepfile=elab_dependencies.txt -.fdsbldfile=generated_files.txt -p D:\gp1_repo\CS301-Team-Repo\CS301_Class.cydsn\CS301_Class.cyprj -d CY8C5888LTI-LP097 -s D:\gp1_repo\CS301-Team-Repo\CS301_Class.cydsn\Generated_Source\PSoC5 -- -yv2 -q10 -ygs -o2 -v3 -.fftcfgtype=LE
Elaborating Design...
HDL Generation ...
Synthesis ...
Place and Route ...
Tech mapping ...
ADD: pft.M0040: information: The following 1 pin(s) will be assigned a location by the fitter: \ADC:Bypass(0)\
Analog Placement ...
Analog Routing ...
Analog Code Generation ...
Digital Placement ...
Digital Routing ...
Bitstream Generation ...
Static timing analysis ...
API Generation ...
Dependency Generation ...
Clean Temporary Files ...
arm-none-eabi-gcc.exe -mcpu=cortex-m3 -mthumb -Wno-main -I. -IGenerated_Source\PSoC5 -Wa,-alh=.\CortexM3\ARM_GCC_493\Debug/cymetadata.lst -g -D DEBUG -Wall -ffunction-sections -O0 -ffat-lto-objects -c .\Generated_Source\PSoC5\cymetadata.c -o .\CortexM3\ARM_GCC_493\Debug\cymetadata.o
arm-none-eabi-ar.exe -rs .\CortexM3\ARM_GCC_493\Debug\CS301_Class.a .\CortexM3\ARM_GCC_493\Debug\cyfitter_cfg.o .\CortexM3\ARM_GCC_493\Debug\ADC.o .\CortexM3\ARM_GCC_493\Debug\ADC_PM.o .\CortexM3\ARM_GCC_493\Debug\ADC_INT.o .\CortexM3\ARM_GCC_493\Debug\isr_TS.o .\CortexM3\ARM_GCC_493\Debug\Timer_TS.o .\CortexM3\ARM_GCC_493\Debug\Timer_TS_PM.o .\CortexM3\ARM_GCC_493\Debug\USBUART.o .\CortexM3\ARM_GCC_493\Debug\USBUART_audio.o .\CortexM3\ARM_GCC_493\Debug\USBUART_boot.o .\CortexM3\ARM_GCC_493\Debug\USBUART_cdc.o .\CortexM3\ARM_GCC_493\Debug\USBUART_cls.o .\CortexM3\ARM_GCC_493\Debug\USBUART_descr.o .\CortexM3\ARM_GCC_493\Debug\USBUART_drv.o .\CortexM3\ARM_GCC_493\Debug\USBUART_episr.o .\CortexM3\ARM_GCC_493\Debug\USBUART_hid.o .\CortexM3\ARM_GCC_493\Debug\USBUART_pm.o .\CortexM3\ARM_GCC_493\Debug\USBUART_std.o .\CortexM3\ARM_GCC_493\Debug\USBUART_vnd.o .\CortexM3\ARM_GCC_493\Debug\USBUART_midi.o .\CortexM3\ARM_GCC_493\Debug\USBUART_msc.o .\CortexM3\ARM_GCC_493\Debug\Clock2.o .\CortexM3\ARM_GCC_493\Debug\CONTROL.o .\CortexM3\ARM_GCC_493\Debug\CONTROL_PM.o .\CortexM3\ARM_GCC_493\Debug\ADC_IRQ.o .\CortexM3\ARM_GCC_493\Debug\USBUART_Dm.o .\CortexM3\ARM_GCC_493\Debug\USBUART_Dp.o .\CortexM3\ARM_GCC_493\Debug\CyBootAsmGnu.o .\CortexM3\ARM_GCC_493\Debug\CyDmac.o .\CortexM3\ARM_GCC_493\Debug\CyFlash.o .\CortexM3\ARM_GCC_493\Debug\CyLib.o .\CortexM3\ARM_GCC_493\Debug\cyPm.o .\CortexM3\ARM_GCC_493\Debug\CySpc.o .\CortexM3\ARM_GCC_493\Debug\cyutils.o .\CortexM3\ARM_GCC_493\Debug\PWM_1.o .\CortexM3\ARM_GCC_493\Debug\PWM_1_PM.o .\CortexM3\ARM_GCC_493\Debug\Clock_PWM.o .\CortexM3\ARM_GCC_493\Debug\Clock_QENC.o .\CortexM3\ARM_GCC_493\Debug\M1_IN1.o .\CortexM3\ARM_GCC_493\Debug\M1_IN2.o .\CortexM3\ARM_GCC_493\Debug\M2_IN1.o .\CortexM3\ARM_GCC_493\Debug\M2_IN2.o .\CortexM3\ARM_GCC_493\Debug\M2_D1.o .\CortexM3\ARM_GCC_493\Debug\M1_QA.o .\CortexM3\ARM_GCC_493\Debug\M1_QB.o .\CortexM3\ARM_GCC_493\Debug\M2_QA.o .\CortexM3\ARM_GCC_493\Debug\M2_QB.o .\CortexM3\ARM_GCC_493\Debug\M1_D1.o .\CortexM3\ARM_GCC_493\Debug\isr_eoc.o .\CortexM3\ARM_GCC_493\Debug\PWM_2.o .\CortexM3\ARM_GCC_493\Debug\PWM_2_PM.o .\CortexM3\ARM_GCC_493\Debug\LED.o .\CortexM3\ARM_GCC_493\Debug\QuadDec_M1.o .\CortexM3\ARM_GCC_493\Debug\QuadDec_M1_PM.o .\CortexM3\ARM_GCC_493\Debug\QuadDec_M2.o .\CortexM3\ARM_GCC_493\Debug\QuadDec_M2_PM.o .\CortexM3\ARM_GCC_493\Debug\QuadDec_M1_Cnt16.o .\CortexM3\ARM_GCC_493\Debug\QuadDec_M1_Cnt16_PM.o .\CortexM3\ARM_GCC_493\Debug\QuadDec_M2_Cnt16.o .\CortexM3\ARM_GCC_493\Debug\QuadDec_M2_Cnt16_PM.o .\CortexM3\ARM_GCC_493\Debug\DB0.o .\CortexM3\ARM_GCC_493\Debug\DB1.o .\CortexM3\ARM_GCC_493\Debug\DB2.o .\CortexM3\ARM_GCC_493\Debug\isrRF_TX.o .\CortexM3\ARM_GCC_493\Debug\isrRF_RX.o .\CortexM3\ARM_GCC_493\Debug\UART.o .\CortexM3\ARM_GCC_493\Debug\UART_PM.o .\CortexM3\ARM_GCC_493\Debug\UART_INT.o .\CortexM3\ARM_GCC_493\Debug\UART_BOOT.o .\CortexM3\ARM_GCC_493\Debug\UART_IntClock.o .\CortexM3\ARM_GCC_493\Debug\RF_BT_SELECT.o .\CortexM3\ARM_GCC_493\Debug\RF_BT_SELECT_PM.o .\CortexM3\ARM_GCC_493\Debug\isr_quad1.o .\CortexM3\ARM_GCC_493\Debug\Timer_1.o .\CortexM3\ARM_GCC_493\Debug\Timer_1_PM.o .\CortexM3\ARM_GCC_493\Debug\ADC_theACLK.o .\CortexM3\ARM_GCC_493\Debug\ADC_Bypass.o .\CortexM3\ARM_GCC_493\Debug\Light_Sensor.o .\CortexM3\ARM_GCC_493\Debug\isr_OnLine.o .\CortexM3\ARM_GCC_493\Debug\isr_button.o .\CortexM3\ARM_GCC_493\Debug\button_pin.o .\CortexM3\ARM_GCC_493\Debug\Clock_1.o .\CortexM3\ARM_GCC_493\Debug\ADC_in0.o
arm-none-eabi-ar.exe: creating .\CortexM3\ARM_GCC_493\Debug\CS301_Class.a
arm-none-eabi-gcc.exe -Wl,--start-group -o .\CortexM3\ARM_GCC_493\Debug\CS301_Class.elf .\CortexM3\ARM_GCC_493\Debug\main.o .\CortexM3\ARM_GCC_493\Debug\tacho.o .\CortexM3\ARM_GCC_493\Debug\cymetadata.o .\CortexM3\ARM_GCC_493\Debug\Cm3Start.o .\CortexM3\ARM_GCC_493\Debug\CS301_Class.a "C:\Program Files (x86)\Cypress\PSoC Creator\3.3\PSoC Creator\psoc\content\cycomponentlibrary\CyComponentLibrary.cylib\CortexM3\ARM_GCC_493\Debug\CyComponentLibrary.a" -mcpu=cortex-m3 -mthumb -g -ffunction-sections -O0 -ffat-lto-objects -l m -L Generated_Source\PSoC5 -Wl,-Map,.\CortexM3\ARM_GCC_493\Debug/CS301_Class.map -T Generated_Source\PSoC5\cm3gcc.ld -specs=nano.specs -Wl,--gc-sections -Wl,--end-group
cyelftool.exe -C D:\gp1_repo\CS301-Team-Repo\CS301_Class.cydsn\CortexM3\ARM_GCC_493\Debug\CS301_Class.elf --flash_row_size 256 --flash_size 262144
cyelftool.exe -S D:\gp1_repo\CS301-Team-Repo\CS301_Class.cydsn\CortexM3\ARM_GCC_493\Debug\CS301_Class.elf
Flash used: 24576 of 262144 bytes (9.4%).
SRAM used: 3261 of 65536 bytes (5.0%). Stack: 2048 bytes. Heap: 128 bytes.
--------------- Build Succeeded: 09/13/2019 16:16:54 ---------------
