ARM GAS  C:\Users\tant836\AppData\Local\Temp\ccEY1OVb.s 			page 1


   1              		.syntax unified
   2              		.cpu cortex-m3
   3              		.fpu softvfp
   4              		.eabi_attribute 20, 1
   5              		.eabi_attribute 21, 1
   6              		.eabi_attribute 23, 3
   7              		.eabi_attribute 24, 1
   8              		.eabi_attribute 25, 1
   9              		.eabi_attribute 26, 1
  10              		.eabi_attribute 30, 6
  11              		.eabi_attribute 34, 1
  12              		.eabi_attribute 18, 4
  13              		.thumb
  14              		.file	"isr_eoc.c"
  15              		.text
  16              	.Ltext0:
  17              		.cfi_sections	.debug_frame
  18              		.section	.text.isr_eoc_Start,"ax",%progbits
  19              		.align	2
  20              		.global	isr_eoc_Start
  21              		.thumb
  22              		.thumb_func
  23              		.type	isr_eoc_Start, %function
  24              	isr_eoc_Start:
  25              	.LFB63:
  26              		.file 1 ".\\Generated_Source\\PSoC5\\isr_eoc.c"
   1:.\Generated_Source\PSoC5/isr_eoc.c **** /*******************************************************************************
   2:.\Generated_Source\PSoC5/isr_eoc.c **** * File Name: isr_eoc.c  
   3:.\Generated_Source\PSoC5/isr_eoc.c **** * Version 1.70
   4:.\Generated_Source\PSoC5/isr_eoc.c **** *
   5:.\Generated_Source\PSoC5/isr_eoc.c **** *  Description:
   6:.\Generated_Source\PSoC5/isr_eoc.c **** *   API for controlling the state of an interrupt.
   7:.\Generated_Source\PSoC5/isr_eoc.c **** *
   8:.\Generated_Source\PSoC5/isr_eoc.c **** *
   9:.\Generated_Source\PSoC5/isr_eoc.c **** *  Note:
  10:.\Generated_Source\PSoC5/isr_eoc.c **** *
  11:.\Generated_Source\PSoC5/isr_eoc.c **** ********************************************************************************
  12:.\Generated_Source\PSoC5/isr_eoc.c **** * Copyright 2008-2015, Cypress Semiconductor Corporation.  All rights reserved.
  13:.\Generated_Source\PSoC5/isr_eoc.c **** * You may use this file only in accordance with the license, terms, conditions, 
  14:.\Generated_Source\PSoC5/isr_eoc.c **** * disclaimers, and limitations in the end user license agreement accompanying 
  15:.\Generated_Source\PSoC5/isr_eoc.c **** * the software package with which this file was provided.
  16:.\Generated_Source\PSoC5/isr_eoc.c **** *******************************************************************************/
  17:.\Generated_Source\PSoC5/isr_eoc.c **** 
  18:.\Generated_Source\PSoC5/isr_eoc.c **** 
  19:.\Generated_Source\PSoC5/isr_eoc.c **** #include <cydevice_trm.h>
  20:.\Generated_Source\PSoC5/isr_eoc.c **** #include <CyLib.h>
  21:.\Generated_Source\PSoC5/isr_eoc.c **** #include <isr_eoc.h>
  22:.\Generated_Source\PSoC5/isr_eoc.c **** 
  23:.\Generated_Source\PSoC5/isr_eoc.c **** 
  24:.\Generated_Source\PSoC5/isr_eoc.c **** #if !defined(isr_eoc__REMOVED) /* Check for removal by optimization */
  25:.\Generated_Source\PSoC5/isr_eoc.c **** 
  26:.\Generated_Source\PSoC5/isr_eoc.c **** /*******************************************************************************
  27:.\Generated_Source\PSoC5/isr_eoc.c **** *  Place your includes, defines and code here 
  28:.\Generated_Source\PSoC5/isr_eoc.c **** ********************************************************************************/
  29:.\Generated_Source\PSoC5/isr_eoc.c **** /* `#START isr_eoc_intc` */
  30:.\Generated_Source\PSoC5/isr_eoc.c **** #include <project.h>   
  31:.\Generated_Source\PSoC5/isr_eoc.c **** #include "defines.h"
ARM GAS  C:\Users\tant836\AppData\Local\Temp\ccEY1OVb.s 			page 2


  32:.\Generated_Source\PSoC5/isr_eoc.c **** extern uint16 adcvalue[8];
  33:.\Generated_Source\PSoC5/isr_eoc.c **** extern uint8 dataready_flag;
  34:.\Generated_Source\PSoC5/isr_eoc.c **** /* `#END` */
  35:.\Generated_Source\PSoC5/isr_eoc.c **** 
  36:.\Generated_Source\PSoC5/isr_eoc.c **** #ifndef CYINT_IRQ_BASE
  37:.\Generated_Source\PSoC5/isr_eoc.c **** #define CYINT_IRQ_BASE      16
  38:.\Generated_Source\PSoC5/isr_eoc.c **** #endif /* CYINT_IRQ_BASE */
  39:.\Generated_Source\PSoC5/isr_eoc.c **** #ifndef CYINT_VECT_TABLE
  40:.\Generated_Source\PSoC5/isr_eoc.c **** #define CYINT_VECT_TABLE    ((cyisraddress **) CYREG_NVIC_VECT_OFFSET)
  41:.\Generated_Source\PSoC5/isr_eoc.c **** #endif /* CYINT_VECT_TABLE */
  42:.\Generated_Source\PSoC5/isr_eoc.c **** 
  43:.\Generated_Source\PSoC5/isr_eoc.c **** /* Declared in startup, used to set unused interrupts to. */
  44:.\Generated_Source\PSoC5/isr_eoc.c **** CY_ISR_PROTO(IntDefaultHandler);
  45:.\Generated_Source\PSoC5/isr_eoc.c **** 
  46:.\Generated_Source\PSoC5/isr_eoc.c **** 
  47:.\Generated_Source\PSoC5/isr_eoc.c **** /*******************************************************************************
  48:.\Generated_Source\PSoC5/isr_eoc.c **** * Function Name: isr_eoc_Start
  49:.\Generated_Source\PSoC5/isr_eoc.c **** ********************************************************************************
  50:.\Generated_Source\PSoC5/isr_eoc.c **** *
  51:.\Generated_Source\PSoC5/isr_eoc.c **** * Summary:
  52:.\Generated_Source\PSoC5/isr_eoc.c **** *  Set up the interrupt and enable it. This function disables the interrupt, 
  53:.\Generated_Source\PSoC5/isr_eoc.c **** *  sets the default interrupt vector, sets the priority from the value in the
  54:.\Generated_Source\PSoC5/isr_eoc.c **** *  Design Wide Resources Interrupt Editor, then enables the interrupt to the 
  55:.\Generated_Source\PSoC5/isr_eoc.c **** *  interrupt controller.
  56:.\Generated_Source\PSoC5/isr_eoc.c **** *
  57:.\Generated_Source\PSoC5/isr_eoc.c **** * Parameters:  
  58:.\Generated_Source\PSoC5/isr_eoc.c **** *   None
  59:.\Generated_Source\PSoC5/isr_eoc.c **** *
  60:.\Generated_Source\PSoC5/isr_eoc.c **** * Return:
  61:.\Generated_Source\PSoC5/isr_eoc.c **** *   None
  62:.\Generated_Source\PSoC5/isr_eoc.c **** *
  63:.\Generated_Source\PSoC5/isr_eoc.c **** *******************************************************************************/
  64:.\Generated_Source\PSoC5/isr_eoc.c **** void isr_eoc_Start(void)
  65:.\Generated_Source\PSoC5/isr_eoc.c **** {
  27              		.loc 1 65 0
  28              		.cfi_startproc
  29              		@ args = 0, pretend = 0, frame = 0
  30              		@ frame_needed = 1, uses_anonymous_args = 0
  31 0000 80B5     		push	{r7, lr}
  32              		.cfi_def_cfa_offset 8
  33              		.cfi_offset 7, -8
  34              		.cfi_offset 14, -4
  35 0002 00AF     		add	r7, sp, #0
  36              		.cfi_def_cfa_register 7
  66:.\Generated_Source\PSoC5/isr_eoc.c ****     /* For all we know the interrupt is active. */
  67:.\Generated_Source\PSoC5/isr_eoc.c ****     isr_eoc_Disable();
  37              		.loc 1 67 0
  38 0004 FFF7FEFF 		bl	isr_eoc_Disable
  68:.\Generated_Source\PSoC5/isr_eoc.c **** 
  69:.\Generated_Source\PSoC5/isr_eoc.c ****     /* Set the ISR to point to the isr_eoc Interrupt. */
  70:.\Generated_Source\PSoC5/isr_eoc.c ****     isr_eoc_SetVector(&isr_eoc_Interrupt);
  39              		.loc 1 70 0
  40 0008 0448     		ldr	r0, .L2
  41 000a FFF7FEFF 		bl	isr_eoc_SetVector
  71:.\Generated_Source\PSoC5/isr_eoc.c **** 
  72:.\Generated_Source\PSoC5/isr_eoc.c ****     /* Set the priority. */
  73:.\Generated_Source\PSoC5/isr_eoc.c ****     isr_eoc_SetPriority((uint8)isr_eoc_INTC_PRIOR_NUMBER);
ARM GAS  C:\Users\tant836\AppData\Local\Temp\ccEY1OVb.s 			page 3


  42              		.loc 1 73 0
  43 000e 0720     		movs	r0, #7
  44 0010 FFF7FEFF 		bl	isr_eoc_SetPriority
  74:.\Generated_Source\PSoC5/isr_eoc.c **** 
  75:.\Generated_Source\PSoC5/isr_eoc.c ****     /* Enable it. */
  76:.\Generated_Source\PSoC5/isr_eoc.c ****     isr_eoc_Enable();
  45              		.loc 1 76 0
  46 0014 FFF7FEFF 		bl	isr_eoc_Enable
  77:.\Generated_Source\PSoC5/isr_eoc.c **** }
  47              		.loc 1 77 0
  48 0018 80BD     		pop	{r7, pc}
  49              	.L3:
  50 001a 00BF     		.align	2
  51              	.L2:
  52 001c 00000000 		.word	isr_eoc_Interrupt
  53              		.cfi_endproc
  54              	.LFE63:
  55              		.size	isr_eoc_Start, .-isr_eoc_Start
  56              		.section	.text.isr_eoc_StartEx,"ax",%progbits
  57              		.align	2
  58              		.global	isr_eoc_StartEx
  59              		.thumb
  60              		.thumb_func
  61              		.type	isr_eoc_StartEx, %function
  62              	isr_eoc_StartEx:
  63              	.LFB64:
  78:.\Generated_Source\PSoC5/isr_eoc.c **** 
  79:.\Generated_Source\PSoC5/isr_eoc.c **** 
  80:.\Generated_Source\PSoC5/isr_eoc.c **** /*******************************************************************************
  81:.\Generated_Source\PSoC5/isr_eoc.c **** * Function Name: isr_eoc_StartEx
  82:.\Generated_Source\PSoC5/isr_eoc.c **** ********************************************************************************
  83:.\Generated_Source\PSoC5/isr_eoc.c **** *
  84:.\Generated_Source\PSoC5/isr_eoc.c **** * Summary:
  85:.\Generated_Source\PSoC5/isr_eoc.c **** *  Sets up the interrupt and enables it. This function disables the interrupt,
  86:.\Generated_Source\PSoC5/isr_eoc.c **** *  sets the interrupt vector based on the address passed in, sets the priority 
  87:.\Generated_Source\PSoC5/isr_eoc.c **** *  from the value in the Design Wide Resources Interrupt Editor, then enables 
  88:.\Generated_Source\PSoC5/isr_eoc.c **** *  the interrupt to the interrupt controller.
  89:.\Generated_Source\PSoC5/isr_eoc.c **** *  
  90:.\Generated_Source\PSoC5/isr_eoc.c **** *  When defining ISR functions, the CY_ISR and CY_ISR_PROTO macros should be 
  91:.\Generated_Source\PSoC5/isr_eoc.c **** *  used to provide consistent definition across compilers:
  92:.\Generated_Source\PSoC5/isr_eoc.c **** *  
  93:.\Generated_Source\PSoC5/isr_eoc.c **** *  Function definition example:
  94:.\Generated_Source\PSoC5/isr_eoc.c **** *   CY_ISR(MyISR)
  95:.\Generated_Source\PSoC5/isr_eoc.c **** *   {
  96:.\Generated_Source\PSoC5/isr_eoc.c **** *   }
  97:.\Generated_Source\PSoC5/isr_eoc.c **** *   Function prototype example:
  98:.\Generated_Source\PSoC5/isr_eoc.c **** *   CY_ISR_PROTO(MyISR);
  99:.\Generated_Source\PSoC5/isr_eoc.c **** *
 100:.\Generated_Source\PSoC5/isr_eoc.c **** * Parameters:  
 101:.\Generated_Source\PSoC5/isr_eoc.c **** *   address: Address of the ISR to set in the interrupt vector table.
 102:.\Generated_Source\PSoC5/isr_eoc.c **** *
 103:.\Generated_Source\PSoC5/isr_eoc.c **** * Return:
 104:.\Generated_Source\PSoC5/isr_eoc.c **** *   None
 105:.\Generated_Source\PSoC5/isr_eoc.c **** *
 106:.\Generated_Source\PSoC5/isr_eoc.c **** *******************************************************************************/
 107:.\Generated_Source\PSoC5/isr_eoc.c **** void isr_eoc_StartEx(cyisraddress address)
 108:.\Generated_Source\PSoC5/isr_eoc.c **** {
ARM GAS  C:\Users\tant836\AppData\Local\Temp\ccEY1OVb.s 			page 4


  64              		.loc 1 108 0
  65              		.cfi_startproc
  66              		@ args = 0, pretend = 0, frame = 8
  67              		@ frame_needed = 1, uses_anonymous_args = 0
  68 0000 80B5     		push	{r7, lr}
  69              		.cfi_def_cfa_offset 8
  70              		.cfi_offset 7, -8
  71              		.cfi_offset 14, -4
  72 0002 82B0     		sub	sp, sp, #8
  73              		.cfi_def_cfa_offset 16
  74 0004 00AF     		add	r7, sp, #0
  75              		.cfi_def_cfa_register 7
  76 0006 7860     		str	r0, [r7, #4]
 109:.\Generated_Source\PSoC5/isr_eoc.c ****     /* For all we know the interrupt is active. */
 110:.\Generated_Source\PSoC5/isr_eoc.c ****     isr_eoc_Disable();
  77              		.loc 1 110 0
  78 0008 FFF7FEFF 		bl	isr_eoc_Disable
 111:.\Generated_Source\PSoC5/isr_eoc.c **** 
 112:.\Generated_Source\PSoC5/isr_eoc.c ****     /* Set the ISR to point to the isr_eoc Interrupt. */
 113:.\Generated_Source\PSoC5/isr_eoc.c ****     isr_eoc_SetVector(address);
  79              		.loc 1 113 0
  80 000c 7868     		ldr	r0, [r7, #4]
  81 000e FFF7FEFF 		bl	isr_eoc_SetVector
 114:.\Generated_Source\PSoC5/isr_eoc.c **** 
 115:.\Generated_Source\PSoC5/isr_eoc.c ****     /* Set the priority. */
 116:.\Generated_Source\PSoC5/isr_eoc.c ****     isr_eoc_SetPriority((uint8)isr_eoc_INTC_PRIOR_NUMBER);
  82              		.loc 1 116 0
  83 0012 0720     		movs	r0, #7
  84 0014 FFF7FEFF 		bl	isr_eoc_SetPriority
 117:.\Generated_Source\PSoC5/isr_eoc.c **** 
 118:.\Generated_Source\PSoC5/isr_eoc.c ****     /* Enable it. */
 119:.\Generated_Source\PSoC5/isr_eoc.c ****     isr_eoc_Enable();
  85              		.loc 1 119 0
  86 0018 FFF7FEFF 		bl	isr_eoc_Enable
 120:.\Generated_Source\PSoC5/isr_eoc.c **** }
  87              		.loc 1 120 0
  88 001c 0837     		adds	r7, r7, #8
  89              		.cfi_def_cfa_offset 8
  90 001e BD46     		mov	sp, r7
  91              		.cfi_def_cfa_register 13
  92              		@ sp needed
  93 0020 80BD     		pop	{r7, pc}
  94              		.cfi_endproc
  95              	.LFE64:
  96              		.size	isr_eoc_StartEx, .-isr_eoc_StartEx
  97 0022 00BF     		.section	.text.isr_eoc_Stop,"ax",%progbits
  98              		.align	2
  99              		.global	isr_eoc_Stop
 100              		.thumb
 101              		.thumb_func
 102              		.type	isr_eoc_Stop, %function
 103              	isr_eoc_Stop:
 104              	.LFB65:
 121:.\Generated_Source\PSoC5/isr_eoc.c **** 
 122:.\Generated_Source\PSoC5/isr_eoc.c **** 
 123:.\Generated_Source\PSoC5/isr_eoc.c **** /*******************************************************************************
 124:.\Generated_Source\PSoC5/isr_eoc.c **** * Function Name: isr_eoc_Stop
ARM GAS  C:\Users\tant836\AppData\Local\Temp\ccEY1OVb.s 			page 5


 125:.\Generated_Source\PSoC5/isr_eoc.c **** ********************************************************************************
 126:.\Generated_Source\PSoC5/isr_eoc.c **** *
 127:.\Generated_Source\PSoC5/isr_eoc.c **** * Summary:
 128:.\Generated_Source\PSoC5/isr_eoc.c **** *   Disables and removes the interrupt.
 129:.\Generated_Source\PSoC5/isr_eoc.c **** *
 130:.\Generated_Source\PSoC5/isr_eoc.c **** * Parameters:  
 131:.\Generated_Source\PSoC5/isr_eoc.c **** *   None
 132:.\Generated_Source\PSoC5/isr_eoc.c **** *
 133:.\Generated_Source\PSoC5/isr_eoc.c **** * Return:
 134:.\Generated_Source\PSoC5/isr_eoc.c **** *   None
 135:.\Generated_Source\PSoC5/isr_eoc.c **** *
 136:.\Generated_Source\PSoC5/isr_eoc.c **** *******************************************************************************/
 137:.\Generated_Source\PSoC5/isr_eoc.c **** void isr_eoc_Stop(void)
 138:.\Generated_Source\PSoC5/isr_eoc.c **** {
 105              		.loc 1 138 0
 106              		.cfi_startproc
 107              		@ args = 0, pretend = 0, frame = 0
 108              		@ frame_needed = 1, uses_anonymous_args = 0
 109 0000 80B5     		push	{r7, lr}
 110              		.cfi_def_cfa_offset 8
 111              		.cfi_offset 7, -8
 112              		.cfi_offset 14, -4
 113 0002 00AF     		add	r7, sp, #0
 114              		.cfi_def_cfa_register 7
 139:.\Generated_Source\PSoC5/isr_eoc.c ****     /* Disable this interrupt. */
 140:.\Generated_Source\PSoC5/isr_eoc.c ****     isr_eoc_Disable();
 115              		.loc 1 140 0
 116 0004 FFF7FEFF 		bl	isr_eoc_Disable
 141:.\Generated_Source\PSoC5/isr_eoc.c **** 
 142:.\Generated_Source\PSoC5/isr_eoc.c ****     /* Set the ISR to point to the passive one. */
 143:.\Generated_Source\PSoC5/isr_eoc.c ****     isr_eoc_SetVector(&IntDefaultHandler);
 117              		.loc 1 143 0
 118 0008 0148     		ldr	r0, .L6
 119 000a FFF7FEFF 		bl	isr_eoc_SetVector
 144:.\Generated_Source\PSoC5/isr_eoc.c **** }
 120              		.loc 1 144 0
 121 000e 80BD     		pop	{r7, pc}
 122              	.L7:
 123              		.align	2
 124              	.L6:
 125 0010 00000000 		.word	IntDefaultHandler
 126              		.cfi_endproc
 127              	.LFE65:
 128              		.size	isr_eoc_Stop, .-isr_eoc_Stop
 129              		.section	.text.isr_eoc_Interrupt,"ax",%progbits
 130              		.align	2
 131              		.global	isr_eoc_Interrupt
 132              		.thumb
 133              		.thumb_func
 134              		.type	isr_eoc_Interrupt, %function
 135              	isr_eoc_Interrupt:
 136              	.LFB66:
 145:.\Generated_Source\PSoC5/isr_eoc.c **** 
 146:.\Generated_Source\PSoC5/isr_eoc.c **** 
 147:.\Generated_Source\PSoC5/isr_eoc.c **** /*******************************************************************************
 148:.\Generated_Source\PSoC5/isr_eoc.c **** * Function Name: isr_eoc_Interrupt
 149:.\Generated_Source\PSoC5/isr_eoc.c **** ********************************************************************************
ARM GAS  C:\Users\tant836\AppData\Local\Temp\ccEY1OVb.s 			page 6


 150:.\Generated_Source\PSoC5/isr_eoc.c **** *
 151:.\Generated_Source\PSoC5/isr_eoc.c **** * Summary:
 152:.\Generated_Source\PSoC5/isr_eoc.c **** *   The default Interrupt Service Routine for isr_eoc.
 153:.\Generated_Source\PSoC5/isr_eoc.c **** *
 154:.\Generated_Source\PSoC5/isr_eoc.c **** *   Add custom code between the coments to keep the next version of this file
 155:.\Generated_Source\PSoC5/isr_eoc.c **** *   from over writting your code.
 156:.\Generated_Source\PSoC5/isr_eoc.c **** *
 157:.\Generated_Source\PSoC5/isr_eoc.c **** * Parameters:  
 158:.\Generated_Source\PSoC5/isr_eoc.c **** *
 159:.\Generated_Source\PSoC5/isr_eoc.c **** * Return:
 160:.\Generated_Source\PSoC5/isr_eoc.c **** *   None
 161:.\Generated_Source\PSoC5/isr_eoc.c **** *
 162:.\Generated_Source\PSoC5/isr_eoc.c **** *******************************************************************************/
 163:.\Generated_Source\PSoC5/isr_eoc.c **** CY_ISR(isr_eoc_Interrupt)
 164:.\Generated_Source\PSoC5/isr_eoc.c **** {
 137              		.loc 1 164 0
 138              		.cfi_startproc
 139              		@ args = 0, pretend = 0, frame = 0
 140              		@ frame_needed = 1, uses_anonymous_args = 0
 141              		@ link register save eliminated.
 142 0000 80B4     		push	{r7}
 143              		.cfi_def_cfa_offset 4
 144              		.cfi_offset 7, -4
 145 0002 00AF     		add	r7, sp, #0
 146              		.cfi_def_cfa_register 7
 165:.\Generated_Source\PSoC5/isr_eoc.c ****     #ifdef isr_eoc_INTERRUPT_INTERRUPT_CALLBACK
 166:.\Generated_Source\PSoC5/isr_eoc.c ****         isr_eoc_Interrupt_InterruptCallback();
 167:.\Generated_Source\PSoC5/isr_eoc.c ****     #endif /* isr_eoc_INTERRUPT_INTERRUPT_CALLBACK */ 
 168:.\Generated_Source\PSoC5/isr_eoc.c **** 
 169:.\Generated_Source\PSoC5/isr_eoc.c ****     /*  Place your Interrupt code here. */
 170:.\Generated_Source\PSoC5/isr_eoc.c ****     /* `#START isr_eoc_Interrupt` */
 171:.\Generated_Source\PSoC5/isr_eoc.c **** //    adcvalue[0] = ADC_GetResult16(0);
 172:.\Generated_Source\PSoC5/isr_eoc.c **** //    adcvalue[1] = ADC_GetResult16(1);
 173:.\Generated_Source\PSoC5/isr_eoc.c **** //    adcvalue[2] = ADC_GetResult16(2);
 174:.\Generated_Source\PSoC5/isr_eoc.c **** //    adcvalue[3] = ADC_GetResult16(3);
 175:.\Generated_Source\PSoC5/isr_eoc.c **** //    adcvalue[4] = ADC_GetResult16(4);
 176:.\Generated_Source\PSoC5/isr_eoc.c **** //    adcvalue[5] = ADC_GetResult16(5);
 177:.\Generated_Source\PSoC5/isr_eoc.c **** //    adcvalue[6] = ADC_GetResult16(6);
 178:.\Generated_Source\PSoC5/isr_eoc.c **** //    adcvalue[7] = ADC_GetResult16(7);
 179:.\Generated_Source\PSoC5/isr_eoc.c **** //    dataready_flag = 1;
 180:.\Generated_Source\PSoC5/isr_eoc.c **** //
 181:.\Generated_Source\PSoC5/isr_eoc.c ****     /* `#END` */
 182:.\Generated_Source\PSoC5/isr_eoc.c **** }
 147              		.loc 1 182 0
 148 0004 BD46     		mov	sp, r7
 149              		.cfi_def_cfa_register 13
 150              		@ sp needed
 151 0006 5DF8047B 		ldr	r7, [sp], #4
 152              		.cfi_restore 7
 153              		.cfi_def_cfa_offset 0
 154 000a 7047     		bx	lr
 155              		.cfi_endproc
 156              	.LFE66:
 157              		.size	isr_eoc_Interrupt, .-isr_eoc_Interrupt
 158              		.section	.text.isr_eoc_SetVector,"ax",%progbits
 159              		.align	2
 160              		.global	isr_eoc_SetVector
ARM GAS  C:\Users\tant836\AppData\Local\Temp\ccEY1OVb.s 			page 7


 161              		.thumb
 162              		.thumb_func
 163              		.type	isr_eoc_SetVector, %function
 164              	isr_eoc_SetVector:
 165              	.LFB67:
 183:.\Generated_Source\PSoC5/isr_eoc.c **** 
 184:.\Generated_Source\PSoC5/isr_eoc.c **** 
 185:.\Generated_Source\PSoC5/isr_eoc.c **** /*******************************************************************************
 186:.\Generated_Source\PSoC5/isr_eoc.c **** * Function Name: isr_eoc_SetVector
 187:.\Generated_Source\PSoC5/isr_eoc.c **** ********************************************************************************
 188:.\Generated_Source\PSoC5/isr_eoc.c **** *
 189:.\Generated_Source\PSoC5/isr_eoc.c **** * Summary:
 190:.\Generated_Source\PSoC5/isr_eoc.c **** *   Change the ISR vector for the Interrupt. Note calling isr_eoc_Start
 191:.\Generated_Source\PSoC5/isr_eoc.c **** *   will override any effect this method would have had. To set the vector 
 192:.\Generated_Source\PSoC5/isr_eoc.c **** *   before the component has been started use isr_eoc_StartEx instead.
 193:.\Generated_Source\PSoC5/isr_eoc.c **** * 
 194:.\Generated_Source\PSoC5/isr_eoc.c **** *   When defining ISR functions, the CY_ISR and CY_ISR_PROTO macros should be 
 195:.\Generated_Source\PSoC5/isr_eoc.c **** *   used to provide consistent definition across compilers:
 196:.\Generated_Source\PSoC5/isr_eoc.c **** *
 197:.\Generated_Source\PSoC5/isr_eoc.c **** *   Function definition example:
 198:.\Generated_Source\PSoC5/isr_eoc.c **** *   CY_ISR(MyISR)
 199:.\Generated_Source\PSoC5/isr_eoc.c **** *   {
 200:.\Generated_Source\PSoC5/isr_eoc.c **** *   }
 201:.\Generated_Source\PSoC5/isr_eoc.c **** *
 202:.\Generated_Source\PSoC5/isr_eoc.c **** *   Function prototype example:
 203:.\Generated_Source\PSoC5/isr_eoc.c **** *     CY_ISR_PROTO(MyISR);
 204:.\Generated_Source\PSoC5/isr_eoc.c **** *
 205:.\Generated_Source\PSoC5/isr_eoc.c **** * Parameters:
 206:.\Generated_Source\PSoC5/isr_eoc.c **** *   address: Address of the ISR to set in the interrupt vector table.
 207:.\Generated_Source\PSoC5/isr_eoc.c **** *
 208:.\Generated_Source\PSoC5/isr_eoc.c **** * Return:
 209:.\Generated_Source\PSoC5/isr_eoc.c **** *   None
 210:.\Generated_Source\PSoC5/isr_eoc.c **** *
 211:.\Generated_Source\PSoC5/isr_eoc.c **** *******************************************************************************/
 212:.\Generated_Source\PSoC5/isr_eoc.c **** void isr_eoc_SetVector(cyisraddress address)
 213:.\Generated_Source\PSoC5/isr_eoc.c **** {
 166              		.loc 1 213 0
 167              		.cfi_startproc
 168              		@ args = 0, pretend = 0, frame = 16
 169              		@ frame_needed = 1, uses_anonymous_args = 0
 170              		@ link register save eliminated.
 171 0000 80B4     		push	{r7}
 172              		.cfi_def_cfa_offset 4
 173              		.cfi_offset 7, -4
 174 0002 85B0     		sub	sp, sp, #20
 175              		.cfi_def_cfa_offset 24
 176 0004 00AF     		add	r7, sp, #0
 177              		.cfi_def_cfa_register 7
 178 0006 7860     		str	r0, [r7, #4]
 214:.\Generated_Source\PSoC5/isr_eoc.c ****     cyisraddress * ramVectorTable;
 215:.\Generated_Source\PSoC5/isr_eoc.c **** 
 216:.\Generated_Source\PSoC5/isr_eoc.c ****     ramVectorTable = (cyisraddress *) *CYINT_VECT_TABLE;
 179              		.loc 1 216 0
 180 0008 054B     		ldr	r3, .L10
 181 000a 1B68     		ldr	r3, [r3]
 182 000c FB60     		str	r3, [r7, #12]
 217:.\Generated_Source\PSoC5/isr_eoc.c **** 
ARM GAS  C:\Users\tant836\AppData\Local\Temp\ccEY1OVb.s 			page 8


 218:.\Generated_Source\PSoC5/isr_eoc.c ****     ramVectorTable[CYINT_IRQ_BASE + (uint32)isr_eoc__INTC_NUMBER] = address;
 183              		.loc 1 218 0
 184 000e FB68     		ldr	r3, [r7, #12]
 185 0010 6433     		adds	r3, r3, #100
 186 0012 7A68     		ldr	r2, [r7, #4]
 187 0014 1A60     		str	r2, [r3]
 219:.\Generated_Source\PSoC5/isr_eoc.c **** }
 188              		.loc 1 219 0
 189 0016 1437     		adds	r7, r7, #20
 190              		.cfi_def_cfa_offset 4
 191 0018 BD46     		mov	sp, r7
 192              		.cfi_def_cfa_register 13
 193              		@ sp needed
 194 001a 5DF8047B 		ldr	r7, [sp], #4
 195              		.cfi_restore 7
 196              		.cfi_def_cfa_offset 0
 197 001e 7047     		bx	lr
 198              	.L11:
 199              		.align	2
 200              	.L10:
 201 0020 08ED00E0 		.word	-536810232
 202              		.cfi_endproc
 203              	.LFE67:
 204              		.size	isr_eoc_SetVector, .-isr_eoc_SetVector
 205              		.section	.text.isr_eoc_GetVector,"ax",%progbits
 206              		.align	2
 207              		.global	isr_eoc_GetVector
 208              		.thumb
 209              		.thumb_func
 210              		.type	isr_eoc_GetVector, %function
 211              	isr_eoc_GetVector:
 212              	.LFB68:
 220:.\Generated_Source\PSoC5/isr_eoc.c **** 
 221:.\Generated_Source\PSoC5/isr_eoc.c **** 
 222:.\Generated_Source\PSoC5/isr_eoc.c **** /*******************************************************************************
 223:.\Generated_Source\PSoC5/isr_eoc.c **** * Function Name: isr_eoc_GetVector
 224:.\Generated_Source\PSoC5/isr_eoc.c **** ********************************************************************************
 225:.\Generated_Source\PSoC5/isr_eoc.c **** *
 226:.\Generated_Source\PSoC5/isr_eoc.c **** * Summary:
 227:.\Generated_Source\PSoC5/isr_eoc.c **** *   Gets the "address" of the current ISR vector for the Interrupt.
 228:.\Generated_Source\PSoC5/isr_eoc.c **** *
 229:.\Generated_Source\PSoC5/isr_eoc.c **** * Parameters:
 230:.\Generated_Source\PSoC5/isr_eoc.c **** *   None
 231:.\Generated_Source\PSoC5/isr_eoc.c **** *
 232:.\Generated_Source\PSoC5/isr_eoc.c **** * Return:
 233:.\Generated_Source\PSoC5/isr_eoc.c **** *   Address of the ISR in the interrupt vector table.
 234:.\Generated_Source\PSoC5/isr_eoc.c **** *
 235:.\Generated_Source\PSoC5/isr_eoc.c **** *******************************************************************************/
 236:.\Generated_Source\PSoC5/isr_eoc.c **** cyisraddress isr_eoc_GetVector(void)
 237:.\Generated_Source\PSoC5/isr_eoc.c **** {
 213              		.loc 1 237 0
 214              		.cfi_startproc
 215              		@ args = 0, pretend = 0, frame = 8
 216              		@ frame_needed = 1, uses_anonymous_args = 0
 217              		@ link register save eliminated.
 218 0000 80B4     		push	{r7}
 219              		.cfi_def_cfa_offset 4
ARM GAS  C:\Users\tant836\AppData\Local\Temp\ccEY1OVb.s 			page 9


 220              		.cfi_offset 7, -4
 221 0002 83B0     		sub	sp, sp, #12
 222              		.cfi_def_cfa_offset 16
 223 0004 00AF     		add	r7, sp, #0
 224              		.cfi_def_cfa_register 7
 238:.\Generated_Source\PSoC5/isr_eoc.c ****     cyisraddress * ramVectorTable;
 239:.\Generated_Source\PSoC5/isr_eoc.c **** 
 240:.\Generated_Source\PSoC5/isr_eoc.c ****     ramVectorTable = (cyisraddress *) *CYINT_VECT_TABLE;
 225              		.loc 1 240 0
 226 0006 054B     		ldr	r3, .L14
 227 0008 1B68     		ldr	r3, [r3]
 228 000a 7B60     		str	r3, [r7, #4]
 241:.\Generated_Source\PSoC5/isr_eoc.c **** 
 242:.\Generated_Source\PSoC5/isr_eoc.c ****     return ramVectorTable[CYINT_IRQ_BASE + (uint32)isr_eoc__INTC_NUMBER];
 229              		.loc 1 242 0
 230 000c 7B68     		ldr	r3, [r7, #4]
 231 000e 5B6E     		ldr	r3, [r3, #100]
 243:.\Generated_Source\PSoC5/isr_eoc.c **** }
 232              		.loc 1 243 0
 233 0010 1846     		mov	r0, r3
 234 0012 0C37     		adds	r7, r7, #12
 235              		.cfi_def_cfa_offset 4
 236 0014 BD46     		mov	sp, r7
 237              		.cfi_def_cfa_register 13
 238              		@ sp needed
 239 0016 5DF8047B 		ldr	r7, [sp], #4
 240              		.cfi_restore 7
 241              		.cfi_def_cfa_offset 0
 242 001a 7047     		bx	lr
 243              	.L15:
 244              		.align	2
 245              	.L14:
 246 001c 08ED00E0 		.word	-536810232
 247              		.cfi_endproc
 248              	.LFE68:
 249              		.size	isr_eoc_GetVector, .-isr_eoc_GetVector
 250              		.section	.text.isr_eoc_SetPriority,"ax",%progbits
 251              		.align	2
 252              		.global	isr_eoc_SetPriority
 253              		.thumb
 254              		.thumb_func
 255              		.type	isr_eoc_SetPriority, %function
 256              	isr_eoc_SetPriority:
 257              	.LFB69:
 244:.\Generated_Source\PSoC5/isr_eoc.c **** 
 245:.\Generated_Source\PSoC5/isr_eoc.c **** 
 246:.\Generated_Source\PSoC5/isr_eoc.c **** /*******************************************************************************
 247:.\Generated_Source\PSoC5/isr_eoc.c **** * Function Name: isr_eoc_SetPriority
 248:.\Generated_Source\PSoC5/isr_eoc.c **** ********************************************************************************
 249:.\Generated_Source\PSoC5/isr_eoc.c **** *
 250:.\Generated_Source\PSoC5/isr_eoc.c **** * Summary:
 251:.\Generated_Source\PSoC5/isr_eoc.c **** *   Sets the Priority of the Interrupt. 
 252:.\Generated_Source\PSoC5/isr_eoc.c **** *
 253:.\Generated_Source\PSoC5/isr_eoc.c **** *   Note calling isr_eoc_Start or isr_eoc_StartEx will 
 254:.\Generated_Source\PSoC5/isr_eoc.c **** *   override any effect this API would have had. This API should only be called
 255:.\Generated_Source\PSoC5/isr_eoc.c **** *   after isr_eoc_Start or isr_eoc_StartEx has been called. 
 256:.\Generated_Source\PSoC5/isr_eoc.c **** *   To set the initial priority for the component, use the Design-Wide Resources
ARM GAS  C:\Users\tant836\AppData\Local\Temp\ccEY1OVb.s 			page 10


 257:.\Generated_Source\PSoC5/isr_eoc.c **** *   Interrupt Editor.
 258:.\Generated_Source\PSoC5/isr_eoc.c **** *
 259:.\Generated_Source\PSoC5/isr_eoc.c **** *   Note This API has no effect on Non-maskable interrupt NMI).
 260:.\Generated_Source\PSoC5/isr_eoc.c **** *
 261:.\Generated_Source\PSoC5/isr_eoc.c **** * Parameters:
 262:.\Generated_Source\PSoC5/isr_eoc.c **** *   priority: Priority of the interrupt, 0 being the highest priority
 263:.\Generated_Source\PSoC5/isr_eoc.c **** *             PSoC 3 and PSoC 5LP: Priority is from 0 to 7.
 264:.\Generated_Source\PSoC5/isr_eoc.c **** *             PSoC 4: Priority is from 0 to 3.
 265:.\Generated_Source\PSoC5/isr_eoc.c **** *
 266:.\Generated_Source\PSoC5/isr_eoc.c **** * Return:
 267:.\Generated_Source\PSoC5/isr_eoc.c **** *   None
 268:.\Generated_Source\PSoC5/isr_eoc.c **** *
 269:.\Generated_Source\PSoC5/isr_eoc.c **** *******************************************************************************/
 270:.\Generated_Source\PSoC5/isr_eoc.c **** void isr_eoc_SetPriority(uint8 priority)
 271:.\Generated_Source\PSoC5/isr_eoc.c **** {
 258              		.loc 1 271 0
 259              		.cfi_startproc
 260              		@ args = 0, pretend = 0, frame = 8
 261              		@ frame_needed = 1, uses_anonymous_args = 0
 262              		@ link register save eliminated.
 263 0000 80B4     		push	{r7}
 264              		.cfi_def_cfa_offset 4
 265              		.cfi_offset 7, -4
 266 0002 83B0     		sub	sp, sp, #12
 267              		.cfi_def_cfa_offset 16
 268 0004 00AF     		add	r7, sp, #0
 269              		.cfi_def_cfa_register 7
 270 0006 0346     		mov	r3, r0
 271 0008 FB71     		strb	r3, [r7, #7]
 272:.\Generated_Source\PSoC5/isr_eoc.c ****     *isr_eoc_INTC_PRIOR = priority << 5;
 272              		.loc 1 272 0
 273 000a 054A     		ldr	r2, .L17
 274 000c FB79     		ldrb	r3, [r7, #7]
 275 000e 5B01     		lsls	r3, r3, #5
 276 0010 DBB2     		uxtb	r3, r3
 277 0012 1370     		strb	r3, [r2]
 273:.\Generated_Source\PSoC5/isr_eoc.c **** }
 278              		.loc 1 273 0
 279 0014 0C37     		adds	r7, r7, #12
 280              		.cfi_def_cfa_offset 4
 281 0016 BD46     		mov	sp, r7
 282              		.cfi_def_cfa_register 13
 283              		@ sp needed
 284 0018 5DF8047B 		ldr	r7, [sp], #4
 285              		.cfi_restore 7
 286              		.cfi_def_cfa_offset 0
 287 001c 7047     		bx	lr
 288              	.L18:
 289 001e 00BF     		.align	2
 290              	.L17:
 291 0020 09E400E0 		.word	-536812535
 292              		.cfi_endproc
 293              	.LFE69:
 294              		.size	isr_eoc_SetPriority, .-isr_eoc_SetPriority
 295              		.section	.text.isr_eoc_GetPriority,"ax",%progbits
 296              		.align	2
 297              		.global	isr_eoc_GetPriority
ARM GAS  C:\Users\tant836\AppData\Local\Temp\ccEY1OVb.s 			page 11


 298              		.thumb
 299              		.thumb_func
 300              		.type	isr_eoc_GetPriority, %function
 301              	isr_eoc_GetPriority:
 302              	.LFB70:
 274:.\Generated_Source\PSoC5/isr_eoc.c **** 
 275:.\Generated_Source\PSoC5/isr_eoc.c **** 
 276:.\Generated_Source\PSoC5/isr_eoc.c **** /*******************************************************************************
 277:.\Generated_Source\PSoC5/isr_eoc.c **** * Function Name: isr_eoc_GetPriority
 278:.\Generated_Source\PSoC5/isr_eoc.c **** ********************************************************************************
 279:.\Generated_Source\PSoC5/isr_eoc.c **** *
 280:.\Generated_Source\PSoC5/isr_eoc.c **** * Summary:
 281:.\Generated_Source\PSoC5/isr_eoc.c **** *   Gets the Priority of the Interrupt.
 282:.\Generated_Source\PSoC5/isr_eoc.c **** *
 283:.\Generated_Source\PSoC5/isr_eoc.c **** * Parameters:
 284:.\Generated_Source\PSoC5/isr_eoc.c **** *   None
 285:.\Generated_Source\PSoC5/isr_eoc.c **** *
 286:.\Generated_Source\PSoC5/isr_eoc.c **** * Return:
 287:.\Generated_Source\PSoC5/isr_eoc.c **** *   Priority of the interrupt, 0 being the highest priority
 288:.\Generated_Source\PSoC5/isr_eoc.c **** *    PSoC 3 and PSoC 5LP: Priority is from 0 to 7.
 289:.\Generated_Source\PSoC5/isr_eoc.c **** *    PSoC 4: Priority is from 0 to 3.
 290:.\Generated_Source\PSoC5/isr_eoc.c **** *
 291:.\Generated_Source\PSoC5/isr_eoc.c **** *******************************************************************************/
 292:.\Generated_Source\PSoC5/isr_eoc.c **** uint8 isr_eoc_GetPriority(void)
 293:.\Generated_Source\PSoC5/isr_eoc.c **** {
 303              		.loc 1 293 0
 304              		.cfi_startproc
 305              		@ args = 0, pretend = 0, frame = 8
 306              		@ frame_needed = 1, uses_anonymous_args = 0
 307              		@ link register save eliminated.
 308 0000 80B4     		push	{r7}
 309              		.cfi_def_cfa_offset 4
 310              		.cfi_offset 7, -4
 311 0002 83B0     		sub	sp, sp, #12
 312              		.cfi_def_cfa_offset 16
 313 0004 00AF     		add	r7, sp, #0
 314              		.cfi_def_cfa_register 7
 294:.\Generated_Source\PSoC5/isr_eoc.c ****     uint8 priority;
 295:.\Generated_Source\PSoC5/isr_eoc.c **** 
 296:.\Generated_Source\PSoC5/isr_eoc.c **** 
 297:.\Generated_Source\PSoC5/isr_eoc.c ****     priority = *isr_eoc_INTC_PRIOR >> 5;
 315              		.loc 1 297 0
 316 0006 064B     		ldr	r3, .L21
 317 0008 1B78     		ldrb	r3, [r3]
 318 000a DBB2     		uxtb	r3, r3
 319 000c 5B09     		lsrs	r3, r3, #5
 320 000e FB71     		strb	r3, [r7, #7]
 298:.\Generated_Source\PSoC5/isr_eoc.c **** 
 299:.\Generated_Source\PSoC5/isr_eoc.c ****     return priority;
 321              		.loc 1 299 0
 322 0010 FB79     		ldrb	r3, [r7, #7]	@ zero_extendqisi2
 300:.\Generated_Source\PSoC5/isr_eoc.c **** }
 323              		.loc 1 300 0
 324 0012 1846     		mov	r0, r3
 325 0014 0C37     		adds	r7, r7, #12
 326              		.cfi_def_cfa_offset 4
 327 0016 BD46     		mov	sp, r7
ARM GAS  C:\Users\tant836\AppData\Local\Temp\ccEY1OVb.s 			page 12


 328              		.cfi_def_cfa_register 13
 329              		@ sp needed
 330 0018 5DF8047B 		ldr	r7, [sp], #4
 331              		.cfi_restore 7
 332              		.cfi_def_cfa_offset 0
 333 001c 7047     		bx	lr
 334              	.L22:
 335 001e 00BF     		.align	2
 336              	.L21:
 337 0020 09E400E0 		.word	-536812535
 338              		.cfi_endproc
 339              	.LFE70:
 340              		.size	isr_eoc_GetPriority, .-isr_eoc_GetPriority
 341              		.section	.text.isr_eoc_Enable,"ax",%progbits
 342              		.align	2
 343              		.global	isr_eoc_Enable
 344              		.thumb
 345              		.thumb_func
 346              		.type	isr_eoc_Enable, %function
 347              	isr_eoc_Enable:
 348              	.LFB71:
 301:.\Generated_Source\PSoC5/isr_eoc.c **** 
 302:.\Generated_Source\PSoC5/isr_eoc.c **** 
 303:.\Generated_Source\PSoC5/isr_eoc.c **** /*******************************************************************************
 304:.\Generated_Source\PSoC5/isr_eoc.c **** * Function Name: isr_eoc_Enable
 305:.\Generated_Source\PSoC5/isr_eoc.c **** ********************************************************************************
 306:.\Generated_Source\PSoC5/isr_eoc.c **** *
 307:.\Generated_Source\PSoC5/isr_eoc.c **** * Summary:
 308:.\Generated_Source\PSoC5/isr_eoc.c **** *   Enables the interrupt to the interrupt controller. Do not call this function
 309:.\Generated_Source\PSoC5/isr_eoc.c **** *   unless ISR_Start() has been called or the functionality of the ISR_Start() 
 310:.\Generated_Source\PSoC5/isr_eoc.c **** *   function, which sets the vector and the priority, has been called.
 311:.\Generated_Source\PSoC5/isr_eoc.c **** *
 312:.\Generated_Source\PSoC5/isr_eoc.c **** * Parameters:
 313:.\Generated_Source\PSoC5/isr_eoc.c **** *   None
 314:.\Generated_Source\PSoC5/isr_eoc.c **** *
 315:.\Generated_Source\PSoC5/isr_eoc.c **** * Return:
 316:.\Generated_Source\PSoC5/isr_eoc.c **** *   None
 317:.\Generated_Source\PSoC5/isr_eoc.c **** *
 318:.\Generated_Source\PSoC5/isr_eoc.c **** *******************************************************************************/
 319:.\Generated_Source\PSoC5/isr_eoc.c **** void isr_eoc_Enable(void)
 320:.\Generated_Source\PSoC5/isr_eoc.c **** {
 349              		.loc 1 320 0
 350              		.cfi_startproc
 351              		@ args = 0, pretend = 0, frame = 0
 352              		@ frame_needed = 1, uses_anonymous_args = 0
 353              		@ link register save eliminated.
 354 0000 80B4     		push	{r7}
 355              		.cfi_def_cfa_offset 4
 356              		.cfi_offset 7, -4
 357 0002 00AF     		add	r7, sp, #0
 358              		.cfi_def_cfa_register 7
 321:.\Generated_Source\PSoC5/isr_eoc.c ****     /* Enable the general interrupt. */
 322:.\Generated_Source\PSoC5/isr_eoc.c ****     *isr_eoc_INTC_SET_EN = isr_eoc__INTC_MASK;
 359              		.loc 1 322 0
 360 0004 034B     		ldr	r3, .L24
 361 0006 4FF40072 		mov	r2, #512
 362 000a 1A60     		str	r2, [r3]
ARM GAS  C:\Users\tant836\AppData\Local\Temp\ccEY1OVb.s 			page 13


 323:.\Generated_Source\PSoC5/isr_eoc.c **** }
 363              		.loc 1 323 0
 364 000c BD46     		mov	sp, r7
 365              		.cfi_def_cfa_register 13
 366              		@ sp needed
 367 000e 5DF8047B 		ldr	r7, [sp], #4
 368              		.cfi_restore 7
 369              		.cfi_def_cfa_offset 0
 370 0012 7047     		bx	lr
 371              	.L25:
 372              		.align	2
 373              	.L24:
 374 0014 00E100E0 		.word	-536813312
 375              		.cfi_endproc
 376              	.LFE71:
 377              		.size	isr_eoc_Enable, .-isr_eoc_Enable
 378              		.section	.text.isr_eoc_GetState,"ax",%progbits
 379              		.align	2
 380              		.global	isr_eoc_GetState
 381              		.thumb
 382              		.thumb_func
 383              		.type	isr_eoc_GetState, %function
 384              	isr_eoc_GetState:
 385              	.LFB72:
 324:.\Generated_Source\PSoC5/isr_eoc.c **** 
 325:.\Generated_Source\PSoC5/isr_eoc.c **** 
 326:.\Generated_Source\PSoC5/isr_eoc.c **** /*******************************************************************************
 327:.\Generated_Source\PSoC5/isr_eoc.c **** * Function Name: isr_eoc_GetState
 328:.\Generated_Source\PSoC5/isr_eoc.c **** ********************************************************************************
 329:.\Generated_Source\PSoC5/isr_eoc.c **** *
 330:.\Generated_Source\PSoC5/isr_eoc.c **** * Summary:
 331:.\Generated_Source\PSoC5/isr_eoc.c **** *   Gets the state (enabled, disabled) of the Interrupt.
 332:.\Generated_Source\PSoC5/isr_eoc.c **** *
 333:.\Generated_Source\PSoC5/isr_eoc.c **** * Parameters:
 334:.\Generated_Source\PSoC5/isr_eoc.c **** *   None
 335:.\Generated_Source\PSoC5/isr_eoc.c **** *
 336:.\Generated_Source\PSoC5/isr_eoc.c **** * Return:
 337:.\Generated_Source\PSoC5/isr_eoc.c **** *   1 if enabled, 0 if disabled.
 338:.\Generated_Source\PSoC5/isr_eoc.c **** *
 339:.\Generated_Source\PSoC5/isr_eoc.c **** *******************************************************************************/
 340:.\Generated_Source\PSoC5/isr_eoc.c **** uint8 isr_eoc_GetState(void)
 341:.\Generated_Source\PSoC5/isr_eoc.c **** {
 386              		.loc 1 341 0
 387              		.cfi_startproc
 388              		@ args = 0, pretend = 0, frame = 0
 389              		@ frame_needed = 1, uses_anonymous_args = 0
 390              		@ link register save eliminated.
 391 0000 80B4     		push	{r7}
 392              		.cfi_def_cfa_offset 4
 393              		.cfi_offset 7, -4
 394 0002 00AF     		add	r7, sp, #0
 395              		.cfi_def_cfa_register 7
 342:.\Generated_Source\PSoC5/isr_eoc.c ****     /* Get the state of the general interrupt. */
 343:.\Generated_Source\PSoC5/isr_eoc.c ****     return ((*isr_eoc_INTC_SET_EN & (uint32)isr_eoc__INTC_MASK) != 0u) ? 1u:0u;
 396              		.loc 1 343 0
 397 0004 064B     		ldr	r3, .L30
 398 0006 1B68     		ldr	r3, [r3]
ARM GAS  C:\Users\tant836\AppData\Local\Temp\ccEY1OVb.s 			page 14


 399 0008 03F40073 		and	r3, r3, #512
 400 000c 002B     		cmp	r3, #0
 401 000e 01D0     		beq	.L27
 402              		.loc 1 343 0 is_stmt 0 discriminator 1
 403 0010 0123     		movs	r3, #1
 404 0012 00E0     		b	.L28
 405              	.L27:
 406              		.loc 1 343 0 discriminator 2
 407 0014 0023     		movs	r3, #0
 408              	.L28:
 344:.\Generated_Source\PSoC5/isr_eoc.c **** }
 409              		.loc 1 344 0 is_stmt 1 discriminator 4
 410 0016 1846     		mov	r0, r3
 411 0018 BD46     		mov	sp, r7
 412              		.cfi_def_cfa_register 13
 413              		@ sp needed
 414 001a 5DF8047B 		ldr	r7, [sp], #4
 415              		.cfi_restore 7
 416              		.cfi_def_cfa_offset 0
 417 001e 7047     		bx	lr
 418              	.L31:
 419              		.align	2
 420              	.L30:
 421 0020 00E100E0 		.word	-536813312
 422              		.cfi_endproc
 423              	.LFE72:
 424              		.size	isr_eoc_GetState, .-isr_eoc_GetState
 425              		.section	.text.isr_eoc_Disable,"ax",%progbits
 426              		.align	2
 427              		.global	isr_eoc_Disable
 428              		.thumb
 429              		.thumb_func
 430              		.type	isr_eoc_Disable, %function
 431              	isr_eoc_Disable:
 432              	.LFB73:
 345:.\Generated_Source\PSoC5/isr_eoc.c **** 
 346:.\Generated_Source\PSoC5/isr_eoc.c **** 
 347:.\Generated_Source\PSoC5/isr_eoc.c **** /*******************************************************************************
 348:.\Generated_Source\PSoC5/isr_eoc.c **** * Function Name: isr_eoc_Disable
 349:.\Generated_Source\PSoC5/isr_eoc.c **** ********************************************************************************
 350:.\Generated_Source\PSoC5/isr_eoc.c **** *
 351:.\Generated_Source\PSoC5/isr_eoc.c **** * Summary:
 352:.\Generated_Source\PSoC5/isr_eoc.c **** *   Disables the Interrupt in the interrupt controller.
 353:.\Generated_Source\PSoC5/isr_eoc.c **** *
 354:.\Generated_Source\PSoC5/isr_eoc.c **** * Parameters:
 355:.\Generated_Source\PSoC5/isr_eoc.c **** *   None
 356:.\Generated_Source\PSoC5/isr_eoc.c **** *
 357:.\Generated_Source\PSoC5/isr_eoc.c **** * Return:
 358:.\Generated_Source\PSoC5/isr_eoc.c **** *   None
 359:.\Generated_Source\PSoC5/isr_eoc.c **** *
 360:.\Generated_Source\PSoC5/isr_eoc.c **** *******************************************************************************/
 361:.\Generated_Source\PSoC5/isr_eoc.c **** void isr_eoc_Disable(void)
 362:.\Generated_Source\PSoC5/isr_eoc.c **** {
 433              		.loc 1 362 0
 434              		.cfi_startproc
 435              		@ args = 0, pretend = 0, frame = 0
 436              		@ frame_needed = 1, uses_anonymous_args = 0
ARM GAS  C:\Users\tant836\AppData\Local\Temp\ccEY1OVb.s 			page 15


 437              		@ link register save eliminated.
 438 0000 80B4     		push	{r7}
 439              		.cfi_def_cfa_offset 4
 440              		.cfi_offset 7, -4
 441 0002 00AF     		add	r7, sp, #0
 442              		.cfi_def_cfa_register 7
 363:.\Generated_Source\PSoC5/isr_eoc.c ****     /* Disable the general interrupt. */
 364:.\Generated_Source\PSoC5/isr_eoc.c ****     *isr_eoc_INTC_CLR_EN = isr_eoc__INTC_MASK;
 443              		.loc 1 364 0
 444 0004 034B     		ldr	r3, .L33
 445 0006 4FF40072 		mov	r2, #512
 446 000a 1A60     		str	r2, [r3]
 365:.\Generated_Source\PSoC5/isr_eoc.c **** }
 447              		.loc 1 365 0
 448 000c BD46     		mov	sp, r7
 449              		.cfi_def_cfa_register 13
 450              		@ sp needed
 451 000e 5DF8047B 		ldr	r7, [sp], #4
 452              		.cfi_restore 7
 453              		.cfi_def_cfa_offset 0
 454 0012 7047     		bx	lr
 455              	.L34:
 456              		.align	2
 457              	.L33:
 458 0014 80E100E0 		.word	-536813184
 459              		.cfi_endproc
 460              	.LFE73:
 461              		.size	isr_eoc_Disable, .-isr_eoc_Disable
 462              		.section	.text.isr_eoc_SetPending,"ax",%progbits
 463              		.align	2
 464              		.global	isr_eoc_SetPending
 465              		.thumb
 466              		.thumb_func
 467              		.type	isr_eoc_SetPending, %function
 468              	isr_eoc_SetPending:
 469              	.LFB74:
 366:.\Generated_Source\PSoC5/isr_eoc.c **** 
 367:.\Generated_Source\PSoC5/isr_eoc.c **** 
 368:.\Generated_Source\PSoC5/isr_eoc.c **** /*******************************************************************************
 369:.\Generated_Source\PSoC5/isr_eoc.c **** * Function Name: isr_eoc_SetPending
 370:.\Generated_Source\PSoC5/isr_eoc.c **** ********************************************************************************
 371:.\Generated_Source\PSoC5/isr_eoc.c **** *
 372:.\Generated_Source\PSoC5/isr_eoc.c **** * Summary:
 373:.\Generated_Source\PSoC5/isr_eoc.c **** *   Causes the Interrupt to enter the pending state, a software method of
 374:.\Generated_Source\PSoC5/isr_eoc.c **** *   generating the interrupt.
 375:.\Generated_Source\PSoC5/isr_eoc.c **** *
 376:.\Generated_Source\PSoC5/isr_eoc.c **** * Parameters:
 377:.\Generated_Source\PSoC5/isr_eoc.c **** *   None
 378:.\Generated_Source\PSoC5/isr_eoc.c **** *
 379:.\Generated_Source\PSoC5/isr_eoc.c **** * Return:
 380:.\Generated_Source\PSoC5/isr_eoc.c **** *   None
 381:.\Generated_Source\PSoC5/isr_eoc.c **** *
 382:.\Generated_Source\PSoC5/isr_eoc.c **** * Side Effects:
 383:.\Generated_Source\PSoC5/isr_eoc.c **** *   If interrupts are enabled and the interrupt is set up properly, the ISR is
 384:.\Generated_Source\PSoC5/isr_eoc.c **** *   entered (depending on the priority of this interrupt and other pending 
 385:.\Generated_Source\PSoC5/isr_eoc.c **** *   interrupts).
 386:.\Generated_Source\PSoC5/isr_eoc.c **** *
ARM GAS  C:\Users\tant836\AppData\Local\Temp\ccEY1OVb.s 			page 16


 387:.\Generated_Source\PSoC5/isr_eoc.c **** *******************************************************************************/
 388:.\Generated_Source\PSoC5/isr_eoc.c **** void isr_eoc_SetPending(void)
 389:.\Generated_Source\PSoC5/isr_eoc.c **** {
 470              		.loc 1 389 0
 471              		.cfi_startproc
 472              		@ args = 0, pretend = 0, frame = 0
 473              		@ frame_needed = 1, uses_anonymous_args = 0
 474              		@ link register save eliminated.
 475 0000 80B4     		push	{r7}
 476              		.cfi_def_cfa_offset 4
 477              		.cfi_offset 7, -4
 478 0002 00AF     		add	r7, sp, #0
 479              		.cfi_def_cfa_register 7
 390:.\Generated_Source\PSoC5/isr_eoc.c ****     *isr_eoc_INTC_SET_PD = isr_eoc__INTC_MASK;
 480              		.loc 1 390 0
 481 0004 034B     		ldr	r3, .L36
 482 0006 4FF40072 		mov	r2, #512
 483 000a 1A60     		str	r2, [r3]
 391:.\Generated_Source\PSoC5/isr_eoc.c **** }
 484              		.loc 1 391 0
 485 000c BD46     		mov	sp, r7
 486              		.cfi_def_cfa_register 13
 487              		@ sp needed
 488 000e 5DF8047B 		ldr	r7, [sp], #4
 489              		.cfi_restore 7
 490              		.cfi_def_cfa_offset 0
 491 0012 7047     		bx	lr
 492              	.L37:
 493              		.align	2
 494              	.L36:
 495 0014 00E200E0 		.word	-536813056
 496              		.cfi_endproc
 497              	.LFE74:
 498              		.size	isr_eoc_SetPending, .-isr_eoc_SetPending
 499              		.section	.text.isr_eoc_ClearPending,"ax",%progbits
 500              		.align	2
 501              		.global	isr_eoc_ClearPending
 502              		.thumb
 503              		.thumb_func
 504              		.type	isr_eoc_ClearPending, %function
 505              	isr_eoc_ClearPending:
 506              	.LFB75:
 392:.\Generated_Source\PSoC5/isr_eoc.c **** 
 393:.\Generated_Source\PSoC5/isr_eoc.c **** 
 394:.\Generated_Source\PSoC5/isr_eoc.c **** /*******************************************************************************
 395:.\Generated_Source\PSoC5/isr_eoc.c **** * Function Name: isr_eoc_ClearPending
 396:.\Generated_Source\PSoC5/isr_eoc.c **** ********************************************************************************
 397:.\Generated_Source\PSoC5/isr_eoc.c **** *
 398:.\Generated_Source\PSoC5/isr_eoc.c **** * Summary:
 399:.\Generated_Source\PSoC5/isr_eoc.c **** *   Clears a pending interrupt in the interrupt controller.
 400:.\Generated_Source\PSoC5/isr_eoc.c **** *
 401:.\Generated_Source\PSoC5/isr_eoc.c **** *   Note Some interrupt sources are clear-on-read and require the block 
 402:.\Generated_Source\PSoC5/isr_eoc.c **** *   interrupt/status register to be read/cleared with the appropriate block API 
 403:.\Generated_Source\PSoC5/isr_eoc.c **** *   (GPIO, UART, and so on). Otherwise the ISR will continue to remain in 
 404:.\Generated_Source\PSoC5/isr_eoc.c **** *   pending state even though the interrupt itself is cleared using this API.
 405:.\Generated_Source\PSoC5/isr_eoc.c **** *
 406:.\Generated_Source\PSoC5/isr_eoc.c **** * Parameters:
ARM GAS  C:\Users\tant836\AppData\Local\Temp\ccEY1OVb.s 			page 17


 407:.\Generated_Source\PSoC5/isr_eoc.c **** *   None
 408:.\Generated_Source\PSoC5/isr_eoc.c **** *
 409:.\Generated_Source\PSoC5/isr_eoc.c **** * Return:
 410:.\Generated_Source\PSoC5/isr_eoc.c **** *   None
 411:.\Generated_Source\PSoC5/isr_eoc.c **** *
 412:.\Generated_Source\PSoC5/isr_eoc.c **** *******************************************************************************/
 413:.\Generated_Source\PSoC5/isr_eoc.c **** void isr_eoc_ClearPending(void)
 414:.\Generated_Source\PSoC5/isr_eoc.c **** {
 507              		.loc 1 414 0
 508              		.cfi_startproc
 509              		@ args = 0, pretend = 0, frame = 0
 510              		@ frame_needed = 1, uses_anonymous_args = 0
 511              		@ link register save eliminated.
 512 0000 80B4     		push	{r7}
 513              		.cfi_def_cfa_offset 4
 514              		.cfi_offset 7, -4
 515 0002 00AF     		add	r7, sp, #0
 516              		.cfi_def_cfa_register 7
 415:.\Generated_Source\PSoC5/isr_eoc.c ****     *isr_eoc_INTC_CLR_PD = isr_eoc__INTC_MASK;
 517              		.loc 1 415 0
 518 0004 034B     		ldr	r3, .L39
 519 0006 4FF40072 		mov	r2, #512
 520 000a 1A60     		str	r2, [r3]
 416:.\Generated_Source\PSoC5/isr_eoc.c **** }
 521              		.loc 1 416 0
 522 000c BD46     		mov	sp, r7
 523              		.cfi_def_cfa_register 13
 524              		@ sp needed
 525 000e 5DF8047B 		ldr	r7, [sp], #4
 526              		.cfi_restore 7
 527              		.cfi_def_cfa_offset 0
 528 0012 7047     		bx	lr
 529              	.L40:
 530              		.align	2
 531              	.L39:
 532 0014 80E200E0 		.word	-536812928
 533              		.cfi_endproc
 534              	.LFE75:
 535              		.size	isr_eoc_ClearPending, .-isr_eoc_ClearPending
 536              		.text
 537              	.Letext0:
 538              		.file 2 "c:\\program files (x86)\\cypress\\psoc creator\\3.3\\psoc creator\\import\\gnu\\arm\\4.9.
 539              		.file 3 "c:\\program files (x86)\\cypress\\psoc creator\\3.3\\psoc creator\\import\\gnu\\arm\\4.9.
 540              		.file 4 "Generated_Source\\PSoC5/cytypes.h"
 541              		.file 5 "Generated_Source\\PSoC5/core_cm3.h"
 542              		.section	.debug_info,"",%progbits
 543              	.Ldebug_info0:
 544 0000 5D020000 		.4byte	0x25d
 545 0004 0400     		.2byte	0x4
 546 0006 00000000 		.4byte	.Ldebug_abbrev0
 547 000a 04       		.byte	0x4
 548 000b 01       		.uleb128 0x1
 549 000c 24000000 		.4byte	.LASF35
 550 0010 01       		.byte	0x1
 551 0011 0A020000 		.4byte	.LASF36
 552 0015 7B010000 		.4byte	.LASF37
 553 0019 00000000 		.4byte	.Ldebug_ranges0+0
ARM GAS  C:\Users\tant836\AppData\Local\Temp\ccEY1OVb.s 			page 18


 554 001d 00000000 		.4byte	0
 555 0021 00000000 		.4byte	.Ldebug_line0
 556 0025 02       		.uleb128 0x2
 557 0026 04       		.byte	0x4
 558 0027 05       		.byte	0x5
 559 0028 696E7400 		.ascii	"int\000"
 560 002c 03       		.uleb128 0x3
 561 002d 04       		.byte	0x4
 562 002e 07       		.byte	0x7
 563 002f A0010000 		.4byte	.LASF0
 564 0033 03       		.uleb128 0x3
 565 0034 01       		.byte	0x1
 566 0035 06       		.byte	0x6
 567 0036 8D020000 		.4byte	.LASF1
 568 003a 03       		.uleb128 0x3
 569 003b 01       		.byte	0x1
 570 003c 08       		.byte	0x8
 571 003d EB000000 		.4byte	.LASF2
 572 0041 03       		.uleb128 0x3
 573 0042 02       		.byte	0x2
 574 0043 05       		.byte	0x5
 575 0044 42020000 		.4byte	.LASF3
 576 0048 03       		.uleb128 0x3
 577 0049 02       		.byte	0x2
 578 004a 07       		.byte	0x7
 579 004b 34010000 		.4byte	.LASF4
 580 004f 04       		.uleb128 0x4
 581 0050 1A000000 		.4byte	.LASF11
 582 0054 02       		.byte	0x2
 583 0055 3F       		.byte	0x3f
 584 0056 5A000000 		.4byte	0x5a
 585 005a 03       		.uleb128 0x3
 586 005b 04       		.byte	0x4
 587 005c 05       		.byte	0x5
 588 005d 73020000 		.4byte	.LASF5
 589 0061 03       		.uleb128 0x3
 590 0062 04       		.byte	0x4
 591 0063 07       		.byte	0x7
 592 0064 22010000 		.4byte	.LASF6
 593 0068 03       		.uleb128 0x3
 594 0069 08       		.byte	0x8
 595 006a 05       		.byte	0x5
 596 006b F7010000 		.4byte	.LASF7
 597 006f 03       		.uleb128 0x3
 598 0070 08       		.byte	0x8
 599 0071 07       		.byte	0x7
 600 0072 B5010000 		.4byte	.LASF8
 601 0076 03       		.uleb128 0x3
 602 0077 04       		.byte	0x4
 603 0078 07       		.byte	0x7
 604 0079 EE010000 		.4byte	.LASF9
 605 007d 05       		.uleb128 0x5
 606 007e 04       		.byte	0x4
 607 007f 83000000 		.4byte	0x83
 608 0083 06       		.uleb128 0x6
 609 0084 03       		.uleb128 0x3
 610 0085 01       		.byte	0x1
ARM GAS  C:\Users\tant836\AppData\Local\Temp\ccEY1OVb.s 			page 19


 611 0086 08       		.byte	0x8
 612 0087 05020000 		.4byte	.LASF10
 613 008b 04       		.uleb128 0x4
 614 008c E6010000 		.4byte	.LASF12
 615 0090 03       		.byte	0x3
 616 0091 2C       		.byte	0x2c
 617 0092 4F000000 		.4byte	0x4f
 618 0096 07       		.uleb128 0x7
 619 0097 4C020000 		.4byte	.LASF13
 620 009b 04       		.byte	0x4
 621 009c 9201     		.2byte	0x192
 622 009e 3A000000 		.4byte	0x3a
 623 00a2 07       		.uleb128 0x7
 624 00a3 74010000 		.4byte	.LASF14
 625 00a7 04       		.byte	0x4
 626 00a8 9401     		.2byte	0x194
 627 00aa 61000000 		.4byte	0x61
 628 00ae 03       		.uleb128 0x3
 629 00af 04       		.byte	0x4
 630 00b0 04       		.byte	0x4
 631 00b1 E5000000 		.4byte	.LASF15
 632 00b5 03       		.uleb128 0x3
 633 00b6 08       		.byte	0x8
 634 00b7 04       		.byte	0x4
 635 00b8 54010000 		.4byte	.LASF16
 636 00bc 07       		.uleb128 0x7
 637 00bd 09010000 		.4byte	.LASF17
 638 00c1 04       		.byte	0x4
 639 00c2 3C02     		.2byte	0x23c
 640 00c4 C8000000 		.4byte	0xc8
 641 00c8 08       		.uleb128 0x8
 642 00c9 96000000 		.4byte	0x96
 643 00cd 07       		.uleb128 0x7
 644 00ce 00000000 		.4byte	.LASF18
 645 00d2 04       		.byte	0x4
 646 00d3 3E02     		.2byte	0x23e
 647 00d5 D9000000 		.4byte	0xd9
 648 00d9 08       		.uleb128 0x8
 649 00da A2000000 		.4byte	0xa2
 650 00de 07       		.uleb128 0x7
 651 00df CC010000 		.4byte	.LASF19
 652 00e3 04       		.byte	0x4
 653 00e4 4E02     		.2byte	0x24e
 654 00e6 7D000000 		.4byte	0x7d
 655 00ea 09       		.uleb128 0x9
 656 00eb AC020000 		.4byte	.LASF20
 657 00ef 01       		.byte	0x1
 658 00f0 40       		.byte	0x40
 659 00f1 00000000 		.4byte	.LFB63
 660 00f5 20000000 		.4byte	.LFE63-.LFB63
 661 00f9 01       		.uleb128 0x1
 662 00fa 9C       		.byte	0x9c
 663 00fb 0A       		.uleb128 0xa
 664 00fc F9000000 		.4byte	.LASF23
 665 0100 01       		.byte	0x1
 666 0101 6B       		.byte	0x6b
 667 0102 00000000 		.4byte	.LFB64
ARM GAS  C:\Users\tant836\AppData\Local\Temp\ccEY1OVb.s 			page 20


 668 0106 22000000 		.4byte	.LFE64-.LFB64
 669 010a 01       		.uleb128 0x1
 670 010b 9C       		.byte	0x9c
 671 010c 1F010000 		.4byte	0x11f
 672 0110 0B       		.uleb128 0xb
 673 0111 AD010000 		.4byte	.LASF25
 674 0115 01       		.byte	0x1
 675 0116 6B       		.byte	0x6b
 676 0117 DE000000 		.4byte	0xde
 677 011b 02       		.uleb128 0x2
 678 011c 91       		.byte	0x91
 679 011d 74       		.sleb128 -12
 680 011e 00       		.byte	0
 681 011f 09       		.uleb128 0x9
 682 0120 D9010000 		.4byte	.LASF21
 683 0124 01       		.byte	0x1
 684 0125 89       		.byte	0x89
 685 0126 00000000 		.4byte	.LFB65
 686 012a 14000000 		.4byte	.LFE65-.LFB65
 687 012e 01       		.uleb128 0x1
 688 012f 9C       		.byte	0x9c
 689 0130 0C       		.uleb128 0xc
 690 0131 D3000000 		.4byte	.LASF22
 691 0135 01       		.byte	0x1
 692 0136 A3       		.byte	0xa3
 693 0137 00000000 		.4byte	.LFB66
 694 013b 0C000000 		.4byte	.LFE66-.LFB66
 695 013f 01       		.uleb128 0x1
 696 0140 9C       		.byte	0x9c
 697 0141 0D       		.uleb128 0xd
 698 0142 61020000 		.4byte	.LASF24
 699 0146 01       		.byte	0x1
 700 0147 D4       		.byte	0xd4
 701 0148 00000000 		.4byte	.LFB67
 702 014c 24000000 		.4byte	.LFE67-.LFB67
 703 0150 01       		.uleb128 0x1
 704 0151 9C       		.byte	0x9c
 705 0152 73010000 		.4byte	0x173
 706 0156 0B       		.uleb128 0xb
 707 0157 AD010000 		.4byte	.LASF25
 708 015b 01       		.byte	0x1
 709 015c D4       		.byte	0xd4
 710 015d DE000000 		.4byte	0xde
 711 0161 02       		.uleb128 0x2
 712 0162 91       		.byte	0x91
 713 0163 6C       		.sleb128 -20
 714 0164 0E       		.uleb128 0xe
 715 0165 52020000 		.4byte	.LASF26
 716 0169 01       		.byte	0x1
 717 016a D6       		.byte	0xd6
 718 016b 73010000 		.4byte	0x173
 719 016f 02       		.uleb128 0x2
 720 0170 91       		.byte	0x91
 721 0171 74       		.sleb128 -12
 722 0172 00       		.byte	0
 723 0173 05       		.uleb128 0x5
 724 0174 04       		.byte	0x4
ARM GAS  C:\Users\tant836\AppData\Local\Temp\ccEY1OVb.s 			page 21


 725 0175 DE000000 		.4byte	0xde
 726 0179 0F       		.uleb128 0xf
 727 017a C1000000 		.4byte	.LASF29
 728 017e 01       		.byte	0x1
 729 017f EC       		.byte	0xec
 730 0180 DE000000 		.4byte	0xde
 731 0184 00000000 		.4byte	.LFB68
 732 0188 20000000 		.4byte	.LFE68-.LFB68
 733 018c 01       		.uleb128 0x1
 734 018d 9C       		.byte	0x9c
 735 018e A1010000 		.4byte	0x1a1
 736 0192 0E       		.uleb128 0xe
 737 0193 52020000 		.4byte	.LASF26
 738 0197 01       		.byte	0x1
 739 0198 EE       		.byte	0xee
 740 0199 73010000 		.4byte	0x173
 741 019d 02       		.uleb128 0x2
 742 019e 91       		.byte	0x91
 743 019f 74       		.sleb128 -12
 744 01a0 00       		.byte	0
 745 01a1 10       		.uleb128 0x10
 746 01a2 0E010000 		.4byte	.LASF27
 747 01a6 01       		.byte	0x1
 748 01a7 0E01     		.2byte	0x10e
 749 01a9 00000000 		.4byte	.LFB69
 750 01ad 24000000 		.4byte	.LFE69-.LFB69
 751 01b1 01       		.uleb128 0x1
 752 01b2 9C       		.byte	0x9c
 753 01b3 C7010000 		.4byte	0x1c7
 754 01b7 11       		.uleb128 0x11
 755 01b8 6B010000 		.4byte	.LASF28
 756 01bc 01       		.byte	0x1
 757 01bd 0E01     		.2byte	0x10e
 758 01bf 96000000 		.4byte	0x96
 759 01c3 02       		.uleb128 0x2
 760 01c4 91       		.byte	0x91
 761 01c5 77       		.sleb128 -9
 762 01c6 00       		.byte	0
 763 01c7 12       		.uleb128 0x12
 764 01c8 06000000 		.4byte	.LASF30
 765 01cc 01       		.byte	0x1
 766 01cd 2401     		.2byte	0x124
 767 01cf 96000000 		.4byte	0x96
 768 01d3 00000000 		.4byte	.LFB70
 769 01d7 24000000 		.4byte	.LFE70-.LFB70
 770 01db 01       		.uleb128 0x1
 771 01dc 9C       		.byte	0x9c
 772 01dd F1010000 		.4byte	0x1f1
 773 01e1 13       		.uleb128 0x13
 774 01e2 6B010000 		.4byte	.LASF28
 775 01e6 01       		.byte	0x1
 776 01e7 2601     		.2byte	0x126
 777 01e9 96000000 		.4byte	0x96
 778 01ed 02       		.uleb128 0x2
 779 01ee 91       		.byte	0x91
 780 01ef 77       		.sleb128 -9
 781 01f0 00       		.byte	0
ARM GAS  C:\Users\tant836\AppData\Local\Temp\ccEY1OVb.s 			page 22


 782 01f1 14       		.uleb128 0x14
 783 01f2 B2000000 		.4byte	.LASF31
 784 01f6 01       		.byte	0x1
 785 01f7 3F01     		.2byte	0x13f
 786 01f9 00000000 		.4byte	.LFB71
 787 01fd 18000000 		.4byte	.LFE71-.LFB71
 788 0201 01       		.uleb128 0x1
 789 0202 9C       		.byte	0x9c
 790 0203 15       		.uleb128 0x15
 791 0204 7C020000 		.4byte	.LASF38
 792 0208 01       		.byte	0x1
 793 0209 5401     		.2byte	0x154
 794 020b 96000000 		.4byte	0x96
 795 020f 00000000 		.4byte	.LFB72
 796 0213 24000000 		.4byte	.LFE72-.LFB72
 797 0217 01       		.uleb128 0x1
 798 0218 9C       		.byte	0x9c
 799 0219 14       		.uleb128 0x14
 800 021a 5B010000 		.4byte	.LASF32
 801 021e 01       		.byte	0x1
 802 021f 6901     		.2byte	0x169
 803 0221 00000000 		.4byte	.LFB73
 804 0225 18000000 		.4byte	.LFE73-.LFB73
 805 0229 01       		.uleb128 0x1
 806 022a 9C       		.byte	0x9c
 807 022b 14       		.uleb128 0x14
 808 022c 99020000 		.4byte	.LASF33
 809 0230 01       		.byte	0x1
 810 0231 8401     		.2byte	0x184
 811 0233 00000000 		.4byte	.LFB74
 812 0237 18000000 		.4byte	.LFE74-.LFB74
 813 023b 01       		.uleb128 0x1
 814 023c 9C       		.byte	0x9c
 815 023d 14       		.uleb128 0x14
 816 023e 2D020000 		.4byte	.LASF34
 817 0242 01       		.byte	0x1
 818 0243 9D01     		.2byte	0x19d
 819 0245 00000000 		.4byte	.LFB75
 820 0249 18000000 		.4byte	.LFE75-.LFB75
 821 024d 01       		.uleb128 0x1
 822 024e 9C       		.byte	0x9c
 823 024f 16       		.uleb128 0x16
 824 0250 47010000 		.4byte	.LASF39
 825 0254 05       		.byte	0x5
 826 0255 9606     		.2byte	0x696
 827 0257 5B020000 		.4byte	0x25b
 828 025b 08       		.uleb128 0x8
 829 025c 8B000000 		.4byte	0x8b
 830 0260 00       		.byte	0
 831              		.section	.debug_abbrev,"",%progbits
 832              	.Ldebug_abbrev0:
 833 0000 01       		.uleb128 0x1
 834 0001 11       		.uleb128 0x11
 835 0002 01       		.byte	0x1
 836 0003 25       		.uleb128 0x25
 837 0004 0E       		.uleb128 0xe
 838 0005 13       		.uleb128 0x13
ARM GAS  C:\Users\tant836\AppData\Local\Temp\ccEY1OVb.s 			page 23


 839 0006 0B       		.uleb128 0xb
 840 0007 03       		.uleb128 0x3
 841 0008 0E       		.uleb128 0xe
 842 0009 1B       		.uleb128 0x1b
 843 000a 0E       		.uleb128 0xe
 844 000b 55       		.uleb128 0x55
 845 000c 17       		.uleb128 0x17
 846 000d 11       		.uleb128 0x11
 847 000e 01       		.uleb128 0x1
 848 000f 10       		.uleb128 0x10
 849 0010 17       		.uleb128 0x17
 850 0011 00       		.byte	0
 851 0012 00       		.byte	0
 852 0013 02       		.uleb128 0x2
 853 0014 24       		.uleb128 0x24
 854 0015 00       		.byte	0
 855 0016 0B       		.uleb128 0xb
 856 0017 0B       		.uleb128 0xb
 857 0018 3E       		.uleb128 0x3e
 858 0019 0B       		.uleb128 0xb
 859 001a 03       		.uleb128 0x3
 860 001b 08       		.uleb128 0x8
 861 001c 00       		.byte	0
 862 001d 00       		.byte	0
 863 001e 03       		.uleb128 0x3
 864 001f 24       		.uleb128 0x24
 865 0020 00       		.byte	0
 866 0021 0B       		.uleb128 0xb
 867 0022 0B       		.uleb128 0xb
 868 0023 3E       		.uleb128 0x3e
 869 0024 0B       		.uleb128 0xb
 870 0025 03       		.uleb128 0x3
 871 0026 0E       		.uleb128 0xe
 872 0027 00       		.byte	0
 873 0028 00       		.byte	0
 874 0029 04       		.uleb128 0x4
 875 002a 16       		.uleb128 0x16
 876 002b 00       		.byte	0
 877 002c 03       		.uleb128 0x3
 878 002d 0E       		.uleb128 0xe
 879 002e 3A       		.uleb128 0x3a
 880 002f 0B       		.uleb128 0xb
 881 0030 3B       		.uleb128 0x3b
 882 0031 0B       		.uleb128 0xb
 883 0032 49       		.uleb128 0x49
 884 0033 13       		.uleb128 0x13
 885 0034 00       		.byte	0
 886 0035 00       		.byte	0
 887 0036 05       		.uleb128 0x5
 888 0037 0F       		.uleb128 0xf
 889 0038 00       		.byte	0
 890 0039 0B       		.uleb128 0xb
 891 003a 0B       		.uleb128 0xb
 892 003b 49       		.uleb128 0x49
 893 003c 13       		.uleb128 0x13
 894 003d 00       		.byte	0
 895 003e 00       		.byte	0
ARM GAS  C:\Users\tant836\AppData\Local\Temp\ccEY1OVb.s 			page 24


 896 003f 06       		.uleb128 0x6
 897 0040 15       		.uleb128 0x15
 898 0041 00       		.byte	0
 899 0042 27       		.uleb128 0x27
 900 0043 19       		.uleb128 0x19
 901 0044 00       		.byte	0
 902 0045 00       		.byte	0
 903 0046 07       		.uleb128 0x7
 904 0047 16       		.uleb128 0x16
 905 0048 00       		.byte	0
 906 0049 03       		.uleb128 0x3
 907 004a 0E       		.uleb128 0xe
 908 004b 3A       		.uleb128 0x3a
 909 004c 0B       		.uleb128 0xb
 910 004d 3B       		.uleb128 0x3b
 911 004e 05       		.uleb128 0x5
 912 004f 49       		.uleb128 0x49
 913 0050 13       		.uleb128 0x13
 914 0051 00       		.byte	0
 915 0052 00       		.byte	0
 916 0053 08       		.uleb128 0x8
 917 0054 35       		.uleb128 0x35
 918 0055 00       		.byte	0
 919 0056 49       		.uleb128 0x49
 920 0057 13       		.uleb128 0x13
 921 0058 00       		.byte	0
 922 0059 00       		.byte	0
 923 005a 09       		.uleb128 0x9
 924 005b 2E       		.uleb128 0x2e
 925 005c 00       		.byte	0
 926 005d 3F       		.uleb128 0x3f
 927 005e 19       		.uleb128 0x19
 928 005f 03       		.uleb128 0x3
 929 0060 0E       		.uleb128 0xe
 930 0061 3A       		.uleb128 0x3a
 931 0062 0B       		.uleb128 0xb
 932 0063 3B       		.uleb128 0x3b
 933 0064 0B       		.uleb128 0xb
 934 0065 27       		.uleb128 0x27
 935 0066 19       		.uleb128 0x19
 936 0067 11       		.uleb128 0x11
 937 0068 01       		.uleb128 0x1
 938 0069 12       		.uleb128 0x12
 939 006a 06       		.uleb128 0x6
 940 006b 40       		.uleb128 0x40
 941 006c 18       		.uleb128 0x18
 942 006d 9642     		.uleb128 0x2116
 943 006f 19       		.uleb128 0x19
 944 0070 00       		.byte	0
 945 0071 00       		.byte	0
 946 0072 0A       		.uleb128 0xa
 947 0073 2E       		.uleb128 0x2e
 948 0074 01       		.byte	0x1
 949 0075 3F       		.uleb128 0x3f
 950 0076 19       		.uleb128 0x19
 951 0077 03       		.uleb128 0x3
 952 0078 0E       		.uleb128 0xe
ARM GAS  C:\Users\tant836\AppData\Local\Temp\ccEY1OVb.s 			page 25


 953 0079 3A       		.uleb128 0x3a
 954 007a 0B       		.uleb128 0xb
 955 007b 3B       		.uleb128 0x3b
 956 007c 0B       		.uleb128 0xb
 957 007d 27       		.uleb128 0x27
 958 007e 19       		.uleb128 0x19
 959 007f 11       		.uleb128 0x11
 960 0080 01       		.uleb128 0x1
 961 0081 12       		.uleb128 0x12
 962 0082 06       		.uleb128 0x6
 963 0083 40       		.uleb128 0x40
 964 0084 18       		.uleb128 0x18
 965 0085 9642     		.uleb128 0x2116
 966 0087 19       		.uleb128 0x19
 967 0088 01       		.uleb128 0x1
 968 0089 13       		.uleb128 0x13
 969 008a 00       		.byte	0
 970 008b 00       		.byte	0
 971 008c 0B       		.uleb128 0xb
 972 008d 05       		.uleb128 0x5
 973 008e 00       		.byte	0
 974 008f 03       		.uleb128 0x3
 975 0090 0E       		.uleb128 0xe
 976 0091 3A       		.uleb128 0x3a
 977 0092 0B       		.uleb128 0xb
 978 0093 3B       		.uleb128 0x3b
 979 0094 0B       		.uleb128 0xb
 980 0095 49       		.uleb128 0x49
 981 0096 13       		.uleb128 0x13
 982 0097 02       		.uleb128 0x2
 983 0098 18       		.uleb128 0x18
 984 0099 00       		.byte	0
 985 009a 00       		.byte	0
 986 009b 0C       		.uleb128 0xc
 987 009c 2E       		.uleb128 0x2e
 988 009d 00       		.byte	0
 989 009e 3F       		.uleb128 0x3f
 990 009f 19       		.uleb128 0x19
 991 00a0 03       		.uleb128 0x3
 992 00a1 0E       		.uleb128 0xe
 993 00a2 3A       		.uleb128 0x3a
 994 00a3 0B       		.uleb128 0xb
 995 00a4 3B       		.uleb128 0x3b
 996 00a5 0B       		.uleb128 0xb
 997 00a6 27       		.uleb128 0x27
 998 00a7 19       		.uleb128 0x19
 999 00a8 11       		.uleb128 0x11
 1000 00a9 01       		.uleb128 0x1
 1001 00aa 12       		.uleb128 0x12
 1002 00ab 06       		.uleb128 0x6
 1003 00ac 40       		.uleb128 0x40
 1004 00ad 18       		.uleb128 0x18
 1005 00ae 9742     		.uleb128 0x2117
 1006 00b0 19       		.uleb128 0x19
 1007 00b1 00       		.byte	0
 1008 00b2 00       		.byte	0
 1009 00b3 0D       		.uleb128 0xd
ARM GAS  C:\Users\tant836\AppData\Local\Temp\ccEY1OVb.s 			page 26


 1010 00b4 2E       		.uleb128 0x2e
 1011 00b5 01       		.byte	0x1
 1012 00b6 3F       		.uleb128 0x3f
 1013 00b7 19       		.uleb128 0x19
 1014 00b8 03       		.uleb128 0x3
 1015 00b9 0E       		.uleb128 0xe
 1016 00ba 3A       		.uleb128 0x3a
 1017 00bb 0B       		.uleb128 0xb
 1018 00bc 3B       		.uleb128 0x3b
 1019 00bd 0B       		.uleb128 0xb
 1020 00be 27       		.uleb128 0x27
 1021 00bf 19       		.uleb128 0x19
 1022 00c0 11       		.uleb128 0x11
 1023 00c1 01       		.uleb128 0x1
 1024 00c2 12       		.uleb128 0x12
 1025 00c3 06       		.uleb128 0x6
 1026 00c4 40       		.uleb128 0x40
 1027 00c5 18       		.uleb128 0x18
 1028 00c6 9742     		.uleb128 0x2117
 1029 00c8 19       		.uleb128 0x19
 1030 00c9 01       		.uleb128 0x1
 1031 00ca 13       		.uleb128 0x13
 1032 00cb 00       		.byte	0
 1033 00cc 00       		.byte	0
 1034 00cd 0E       		.uleb128 0xe
 1035 00ce 34       		.uleb128 0x34
 1036 00cf 00       		.byte	0
 1037 00d0 03       		.uleb128 0x3
 1038 00d1 0E       		.uleb128 0xe
 1039 00d2 3A       		.uleb128 0x3a
 1040 00d3 0B       		.uleb128 0xb
 1041 00d4 3B       		.uleb128 0x3b
 1042 00d5 0B       		.uleb128 0xb
 1043 00d6 49       		.uleb128 0x49
 1044 00d7 13       		.uleb128 0x13
 1045 00d8 02       		.uleb128 0x2
 1046 00d9 18       		.uleb128 0x18
 1047 00da 00       		.byte	0
 1048 00db 00       		.byte	0
 1049 00dc 0F       		.uleb128 0xf
 1050 00dd 2E       		.uleb128 0x2e
 1051 00de 01       		.byte	0x1
 1052 00df 3F       		.uleb128 0x3f
 1053 00e0 19       		.uleb128 0x19
 1054 00e1 03       		.uleb128 0x3
 1055 00e2 0E       		.uleb128 0xe
 1056 00e3 3A       		.uleb128 0x3a
 1057 00e4 0B       		.uleb128 0xb
 1058 00e5 3B       		.uleb128 0x3b
 1059 00e6 0B       		.uleb128 0xb
 1060 00e7 27       		.uleb128 0x27
 1061 00e8 19       		.uleb128 0x19
 1062 00e9 49       		.uleb128 0x49
 1063 00ea 13       		.uleb128 0x13
 1064 00eb 11       		.uleb128 0x11
 1065 00ec 01       		.uleb128 0x1
 1066 00ed 12       		.uleb128 0x12
ARM GAS  C:\Users\tant836\AppData\Local\Temp\ccEY1OVb.s 			page 27


 1067 00ee 06       		.uleb128 0x6
 1068 00ef 40       		.uleb128 0x40
 1069 00f0 18       		.uleb128 0x18
 1070 00f1 9742     		.uleb128 0x2117
 1071 00f3 19       		.uleb128 0x19
 1072 00f4 01       		.uleb128 0x1
 1073 00f5 13       		.uleb128 0x13
 1074 00f6 00       		.byte	0
 1075 00f7 00       		.byte	0
 1076 00f8 10       		.uleb128 0x10
 1077 00f9 2E       		.uleb128 0x2e
 1078 00fa 01       		.byte	0x1
 1079 00fb 3F       		.uleb128 0x3f
 1080 00fc 19       		.uleb128 0x19
 1081 00fd 03       		.uleb128 0x3
 1082 00fe 0E       		.uleb128 0xe
 1083 00ff 3A       		.uleb128 0x3a
 1084 0100 0B       		.uleb128 0xb
 1085 0101 3B       		.uleb128 0x3b
 1086 0102 05       		.uleb128 0x5
 1087 0103 27       		.uleb128 0x27
 1088 0104 19       		.uleb128 0x19
 1089 0105 11       		.uleb128 0x11
 1090 0106 01       		.uleb128 0x1
 1091 0107 12       		.uleb128 0x12
 1092 0108 06       		.uleb128 0x6
 1093 0109 40       		.uleb128 0x40
 1094 010a 18       		.uleb128 0x18
 1095 010b 9742     		.uleb128 0x2117
 1096 010d 19       		.uleb128 0x19
 1097 010e 01       		.uleb128 0x1
 1098 010f 13       		.uleb128 0x13
 1099 0110 00       		.byte	0
 1100 0111 00       		.byte	0
 1101 0112 11       		.uleb128 0x11
 1102 0113 05       		.uleb128 0x5
 1103 0114 00       		.byte	0
 1104 0115 03       		.uleb128 0x3
 1105 0116 0E       		.uleb128 0xe
 1106 0117 3A       		.uleb128 0x3a
 1107 0118 0B       		.uleb128 0xb
 1108 0119 3B       		.uleb128 0x3b
 1109 011a 05       		.uleb128 0x5
 1110 011b 49       		.uleb128 0x49
 1111 011c 13       		.uleb128 0x13
 1112 011d 02       		.uleb128 0x2
 1113 011e 18       		.uleb128 0x18
 1114 011f 00       		.byte	0
 1115 0120 00       		.byte	0
 1116 0121 12       		.uleb128 0x12
 1117 0122 2E       		.uleb128 0x2e
 1118 0123 01       		.byte	0x1
 1119 0124 3F       		.uleb128 0x3f
 1120 0125 19       		.uleb128 0x19
 1121 0126 03       		.uleb128 0x3
 1122 0127 0E       		.uleb128 0xe
 1123 0128 3A       		.uleb128 0x3a
ARM GAS  C:\Users\tant836\AppData\Local\Temp\ccEY1OVb.s 			page 28


 1124 0129 0B       		.uleb128 0xb
 1125 012a 3B       		.uleb128 0x3b
 1126 012b 05       		.uleb128 0x5
 1127 012c 27       		.uleb128 0x27
 1128 012d 19       		.uleb128 0x19
 1129 012e 49       		.uleb128 0x49
 1130 012f 13       		.uleb128 0x13
 1131 0130 11       		.uleb128 0x11
 1132 0131 01       		.uleb128 0x1
 1133 0132 12       		.uleb128 0x12
 1134 0133 06       		.uleb128 0x6
 1135 0134 40       		.uleb128 0x40
 1136 0135 18       		.uleb128 0x18
 1137 0136 9742     		.uleb128 0x2117
 1138 0138 19       		.uleb128 0x19
 1139 0139 01       		.uleb128 0x1
 1140 013a 13       		.uleb128 0x13
 1141 013b 00       		.byte	0
 1142 013c 00       		.byte	0
 1143 013d 13       		.uleb128 0x13
 1144 013e 34       		.uleb128 0x34
 1145 013f 00       		.byte	0
 1146 0140 03       		.uleb128 0x3
 1147 0141 0E       		.uleb128 0xe
 1148 0142 3A       		.uleb128 0x3a
 1149 0143 0B       		.uleb128 0xb
 1150 0144 3B       		.uleb128 0x3b
 1151 0145 05       		.uleb128 0x5
 1152 0146 49       		.uleb128 0x49
 1153 0147 13       		.uleb128 0x13
 1154 0148 02       		.uleb128 0x2
 1155 0149 18       		.uleb128 0x18
 1156 014a 00       		.byte	0
 1157 014b 00       		.byte	0
 1158 014c 14       		.uleb128 0x14
 1159 014d 2E       		.uleb128 0x2e
 1160 014e 00       		.byte	0
 1161 014f 3F       		.uleb128 0x3f
 1162 0150 19       		.uleb128 0x19
 1163 0151 03       		.uleb128 0x3
 1164 0152 0E       		.uleb128 0xe
 1165 0153 3A       		.uleb128 0x3a
 1166 0154 0B       		.uleb128 0xb
 1167 0155 3B       		.uleb128 0x3b
 1168 0156 05       		.uleb128 0x5
 1169 0157 27       		.uleb128 0x27
 1170 0158 19       		.uleb128 0x19
 1171 0159 11       		.uleb128 0x11
 1172 015a 01       		.uleb128 0x1
 1173 015b 12       		.uleb128 0x12
 1174 015c 06       		.uleb128 0x6
 1175 015d 40       		.uleb128 0x40
 1176 015e 18       		.uleb128 0x18
 1177 015f 9742     		.uleb128 0x2117
 1178 0161 19       		.uleb128 0x19
 1179 0162 00       		.byte	0
 1180 0163 00       		.byte	0
ARM GAS  C:\Users\tant836\AppData\Local\Temp\ccEY1OVb.s 			page 29


 1181 0164 15       		.uleb128 0x15
 1182 0165 2E       		.uleb128 0x2e
 1183 0166 00       		.byte	0
 1184 0167 3F       		.uleb128 0x3f
 1185 0168 19       		.uleb128 0x19
 1186 0169 03       		.uleb128 0x3
 1187 016a 0E       		.uleb128 0xe
 1188 016b 3A       		.uleb128 0x3a
 1189 016c 0B       		.uleb128 0xb
 1190 016d 3B       		.uleb128 0x3b
 1191 016e 05       		.uleb128 0x5
 1192 016f 27       		.uleb128 0x27
 1193 0170 19       		.uleb128 0x19
 1194 0171 49       		.uleb128 0x49
 1195 0172 13       		.uleb128 0x13
 1196 0173 11       		.uleb128 0x11
 1197 0174 01       		.uleb128 0x1
 1198 0175 12       		.uleb128 0x12
 1199 0176 06       		.uleb128 0x6
 1200 0177 40       		.uleb128 0x40
 1201 0178 18       		.uleb128 0x18
 1202 0179 9742     		.uleb128 0x2117
 1203 017b 19       		.uleb128 0x19
 1204 017c 00       		.byte	0
 1205 017d 00       		.byte	0
 1206 017e 16       		.uleb128 0x16
 1207 017f 34       		.uleb128 0x34
 1208 0180 00       		.byte	0
 1209 0181 03       		.uleb128 0x3
 1210 0182 0E       		.uleb128 0xe
 1211 0183 3A       		.uleb128 0x3a
 1212 0184 0B       		.uleb128 0xb
 1213 0185 3B       		.uleb128 0x3b
 1214 0186 05       		.uleb128 0x5
 1215 0187 49       		.uleb128 0x49
 1216 0188 13       		.uleb128 0x13
 1217 0189 3F       		.uleb128 0x3f
 1218 018a 19       		.uleb128 0x19
 1219 018b 3C       		.uleb128 0x3c
 1220 018c 19       		.uleb128 0x19
 1221 018d 00       		.byte	0
 1222 018e 00       		.byte	0
 1223 018f 00       		.byte	0
 1224              		.section	.debug_aranges,"",%progbits
 1225 0000 7C000000 		.4byte	0x7c
 1226 0004 0200     		.2byte	0x2
 1227 0006 00000000 		.4byte	.Ldebug_info0
 1228 000a 04       		.byte	0x4
 1229 000b 00       		.byte	0
 1230 000c 0000     		.2byte	0
 1231 000e 0000     		.2byte	0
 1232 0010 00000000 		.4byte	.LFB63
 1233 0014 20000000 		.4byte	.LFE63-.LFB63
 1234 0018 00000000 		.4byte	.LFB64
 1235 001c 22000000 		.4byte	.LFE64-.LFB64
 1236 0020 00000000 		.4byte	.LFB65
 1237 0024 14000000 		.4byte	.LFE65-.LFB65
ARM GAS  C:\Users\tant836\AppData\Local\Temp\ccEY1OVb.s 			page 30


 1238 0028 00000000 		.4byte	.LFB66
 1239 002c 0C000000 		.4byte	.LFE66-.LFB66
 1240 0030 00000000 		.4byte	.LFB67
 1241 0034 24000000 		.4byte	.LFE67-.LFB67
 1242 0038 00000000 		.4byte	.LFB68
 1243 003c 20000000 		.4byte	.LFE68-.LFB68
 1244 0040 00000000 		.4byte	.LFB69
 1245 0044 24000000 		.4byte	.LFE69-.LFB69
 1246 0048 00000000 		.4byte	.LFB70
 1247 004c 24000000 		.4byte	.LFE70-.LFB70
 1248 0050 00000000 		.4byte	.LFB71
 1249 0054 18000000 		.4byte	.LFE71-.LFB71
 1250 0058 00000000 		.4byte	.LFB72
 1251 005c 24000000 		.4byte	.LFE72-.LFB72
 1252 0060 00000000 		.4byte	.LFB73
 1253 0064 18000000 		.4byte	.LFE73-.LFB73
 1254 0068 00000000 		.4byte	.LFB74
 1255 006c 18000000 		.4byte	.LFE74-.LFB74
 1256 0070 00000000 		.4byte	.LFB75
 1257 0074 18000000 		.4byte	.LFE75-.LFB75
 1258 0078 00000000 		.4byte	0
 1259 007c 00000000 		.4byte	0
 1260              		.section	.debug_ranges,"",%progbits
 1261              	.Ldebug_ranges0:
 1262 0000 00000000 		.4byte	.LFB63
 1263 0004 20000000 		.4byte	.LFE63
 1264 0008 00000000 		.4byte	.LFB64
 1265 000c 22000000 		.4byte	.LFE64
 1266 0010 00000000 		.4byte	.LFB65
 1267 0014 14000000 		.4byte	.LFE65
 1268 0018 00000000 		.4byte	.LFB66
 1269 001c 0C000000 		.4byte	.LFE66
 1270 0020 00000000 		.4byte	.LFB67
 1271 0024 24000000 		.4byte	.LFE67
 1272 0028 00000000 		.4byte	.LFB68
 1273 002c 20000000 		.4byte	.LFE68
 1274 0030 00000000 		.4byte	.LFB69
 1275 0034 24000000 		.4byte	.LFE69
 1276 0038 00000000 		.4byte	.LFB70
 1277 003c 24000000 		.4byte	.LFE70
 1278 0040 00000000 		.4byte	.LFB71
 1279 0044 18000000 		.4byte	.LFE71
 1280 0048 00000000 		.4byte	.LFB72
 1281 004c 24000000 		.4byte	.LFE72
 1282 0050 00000000 		.4byte	.LFB73
 1283 0054 18000000 		.4byte	.LFE73
 1284 0058 00000000 		.4byte	.LFB74
 1285 005c 18000000 		.4byte	.LFE74
 1286 0060 00000000 		.4byte	.LFB75
 1287 0064 18000000 		.4byte	.LFE75
 1288 0068 00000000 		.4byte	0
 1289 006c 00000000 		.4byte	0
 1290              		.section	.debug_line,"",%progbits
 1291              	.Ldebug_line0:
 1292 0000 6E020000 		.section	.debug_str,"MS",%progbits,1
 1292      02006301 
 1292      00000201 
ARM GAS  C:\Users\tant836\AppData\Local\Temp\ccEY1OVb.s 			page 31


 1292      FB0E0D00 
 1292      01010101 
 1293              	.LASF18:
 1294 0000 72656733 		.ascii	"reg32\000"
 1294      3200
 1295              	.LASF30:
 1296 0006 6973725F 		.ascii	"isr_eoc_GetPriority\000"
 1296      656F635F 
 1296      47657450 
 1296      72696F72 
 1296      69747900 
 1297              	.LASF11:
 1298 001a 5F5F696E 		.ascii	"__int32_t\000"
 1298      7433325F 
 1298      7400
 1299              	.LASF35:
 1300 0024 474E5520 		.ascii	"GNU C 4.9.3 20150303 (release) [ARM/embedded-4_9-br"
 1300      4320342E 
 1300      392E3320 
 1300      32303135 
 1300      30333033 
 1301 0057 616E6368 		.ascii	"anch revision 221220] -mcpu=cortex-m3 -mthumb -g -O"
 1301      20726576 
 1301      6973696F 
 1301      6E203232 
 1301      31323230 
 1302 008a 30202D66 		.ascii	"0 -ffunction-sections -ffat-lto-objects\000"
 1302      66756E63 
 1302      74696F6E 
 1302      2D736563 
 1302      74696F6E 
 1303              	.LASF31:
 1304 00b2 6973725F 		.ascii	"isr_eoc_Enable\000"
 1304      656F635F 
 1304      456E6162 
 1304      6C6500
 1305              	.LASF29:
 1306 00c1 6973725F 		.ascii	"isr_eoc_GetVector\000"
 1306      656F635F 
 1306      47657456 
 1306      6563746F 
 1306      7200
 1307              	.LASF22:
 1308 00d3 6973725F 		.ascii	"isr_eoc_Interrupt\000"
 1308      656F635F 
 1308      496E7465 
 1308      72727570 
 1308      7400
 1309              	.LASF15:
 1310 00e5 666C6F61 		.ascii	"float\000"
 1310      7400
 1311              	.LASF2:
 1312 00eb 756E7369 		.ascii	"unsigned char\000"
 1312      676E6564 
 1312      20636861 
 1312      7200
 1313              	.LASF23:
ARM GAS  C:\Users\tant836\AppData\Local\Temp\ccEY1OVb.s 			page 32


 1314 00f9 6973725F 		.ascii	"isr_eoc_StartEx\000"
 1314      656F635F 
 1314      53746172 
 1314      74457800 
 1315              	.LASF17:
 1316 0109 72656738 		.ascii	"reg8\000"
 1316      00
 1317              	.LASF27:
 1318 010e 6973725F 		.ascii	"isr_eoc_SetPriority\000"
 1318      656F635F 
 1318      53657450 
 1318      72696F72 
 1318      69747900 
 1319              	.LASF6:
 1320 0122 6C6F6E67 		.ascii	"long unsigned int\000"
 1320      20756E73 
 1320      69676E65 
 1320      6420696E 
 1320      7400
 1321              	.LASF4:
 1322 0134 73686F72 		.ascii	"short unsigned int\000"
 1322      7420756E 
 1322      7369676E 
 1322      65642069 
 1322      6E7400
 1323              	.LASF39:
 1324 0147 49544D5F 		.ascii	"ITM_RxBuffer\000"
 1324      52784275 
 1324      66666572 
 1324      00
 1325              	.LASF16:
 1326 0154 646F7562 		.ascii	"double\000"
 1326      6C6500
 1327              	.LASF32:
 1328 015b 6973725F 		.ascii	"isr_eoc_Disable\000"
 1328      656F635F 
 1328      44697361 
 1328      626C6500 
 1329              	.LASF28:
 1330 016b 7072696F 		.ascii	"priority\000"
 1330      72697479 
 1330      00
 1331              	.LASF14:
 1332 0174 75696E74 		.ascii	"uint32\000"
 1332      333200
 1333              	.LASF37:
 1334 017b 443A5C43 		.ascii	"D:\\CS301-Team-Repo\\CS301_Class.cydsn\000"
 1334      53333031 
 1334      2D546561 
 1334      6D2D5265 
 1334      706F5C43 
 1335              	.LASF0:
 1336 01a0 756E7369 		.ascii	"unsigned int\000"
 1336      676E6564 
 1336      20696E74 
 1336      00
 1337              	.LASF25:
ARM GAS  C:\Users\tant836\AppData\Local\Temp\ccEY1OVb.s 			page 33


 1338 01ad 61646472 		.ascii	"address\000"
 1338      65737300 
 1339              	.LASF8:
 1340 01b5 6C6F6E67 		.ascii	"long long unsigned int\000"
 1340      206C6F6E 
 1340      6720756E 
 1340      7369676E 
 1340      65642069 
 1341              	.LASF19:
 1342 01cc 63796973 		.ascii	"cyisraddress\000"
 1342      72616464 
 1342      72657373 
 1342      00
 1343              	.LASF21:
 1344 01d9 6973725F 		.ascii	"isr_eoc_Stop\000"
 1344      656F635F 
 1344      53746F70 
 1344      00
 1345              	.LASF12:
 1346 01e6 696E7433 		.ascii	"int32_t\000"
 1346      325F7400 
 1347              	.LASF9:
 1348 01ee 73697A65 		.ascii	"sizetype\000"
 1348      74797065 
 1348      00
 1349              	.LASF7:
 1350 01f7 6C6F6E67 		.ascii	"long long int\000"
 1350      206C6F6E 
 1350      6720696E 
 1350      7400
 1351              	.LASF10:
 1352 0205 63686172 		.ascii	"char\000"
 1352      00
 1353              	.LASF36:
 1354 020a 2E5C4765 		.ascii	".\\Generated_Source\\PSoC5\\isr_eoc.c\000"
 1354      6E657261 
 1354      7465645F 
 1354      536F7572 
 1354      63655C50 
 1355              	.LASF34:
 1356 022d 6973725F 		.ascii	"isr_eoc_ClearPending\000"
 1356      656F635F 
 1356      436C6561 
 1356      7250656E 
 1356      64696E67 
 1357              	.LASF3:
 1358 0242 73686F72 		.ascii	"short int\000"
 1358      7420696E 
 1358      7400
 1359              	.LASF13:
 1360 024c 75696E74 		.ascii	"uint8\000"
 1360      3800
 1361              	.LASF26:
 1362 0252 72616D56 		.ascii	"ramVectorTable\000"
 1362      6563746F 
 1362      72546162 
 1362      6C6500
ARM GAS  C:\Users\tant836\AppData\Local\Temp\ccEY1OVb.s 			page 34


 1363              	.LASF24:
 1364 0261 6973725F 		.ascii	"isr_eoc_SetVector\000"
 1364      656F635F 
 1364      53657456 
 1364      6563746F 
 1364      7200
 1365              	.LASF5:
 1366 0273 6C6F6E67 		.ascii	"long int\000"
 1366      20696E74 
 1366      00
 1367              	.LASF38:
 1368 027c 6973725F 		.ascii	"isr_eoc_GetState\000"
 1368      656F635F 
 1368      47657453 
 1368      74617465 
 1368      00
 1369              	.LASF1:
 1370 028d 7369676E 		.ascii	"signed char\000"
 1370      65642063 
 1370      68617200 
 1371              	.LASF33:
 1372 0299 6973725F 		.ascii	"isr_eoc_SetPending\000"
 1372      656F635F 
 1372      53657450 
 1372      656E6469 
 1372      6E6700
 1373              	.LASF20:
 1374 02ac 6973725F 		.ascii	"isr_eoc_Start\000"
 1374      656F635F 
 1374      53746172 
 1374      7400
 1375              		.ident	"GCC: (GNU Tools for ARM Embedded Processors) 4.9.3 20150303 (release) [ARM/embedded-4_9-br
