ARM GAS  C:\Users\pmal123\AppData\Local\Temp\ccboBe8g.s 			page 1


   1              		.syntax unified
   2              		.cpu cortex-m3
   3              		.fpu softvfp
   4              		.eabi_attribute 20, 1
   5              		.eabi_attribute 21, 1
   6              		.eabi_attribute 23, 3
   7              		.eabi_attribute 24, 1
   8              		.eabi_attribute 25, 1
   9              		.eabi_attribute 26, 1
  10              		.eabi_attribute 30, 6
  11              		.eabi_attribute 34, 1
  12              		.eabi_attribute 18, 4
  13              		.thumb
  14              		.file	"main.c"
  15              		.text
  16              	.Ltext0:
  17              		.cfi_sections	.debug_frame
  18              		.global	ts
  19              		.bss
  20              		.type	ts, %object
  21              		.size	ts, 1
  22              	ts:
  23 0000 00       		.space	1
  24              		.global	ts_enc
  25 0001 00       		.align	1
  26              		.type	ts_enc, %object
  27              		.size	ts_enc, 2
  28              	ts_enc:
  29 0002 0000     		.space	2
  30              		.global	ts_update
  31              		.align	1
  32              		.type	ts_update, %object
  33              		.size	ts_update, 2
  34              	ts_update:
  35 0004 0000     		.space	2
  36              		.global	ts_speed
  37              		.align	1
  38              		.type	ts_speed, %object
  39              		.size	ts_speed, 2
  40              	ts_speed:
  41 0006 0000     		.space	2
  42              		.global	ts_display
  43              		.align	1
  44              		.type	ts_display, %object
  45              		.size	ts_display, 2
  46              	ts_display:
  47 0008 0000     		.space	2
  48              		.global	flag_ts_enc
  49              		.type	flag_ts_enc, %object
  50              		.size	flag_ts_enc, 1
  51              	flag_ts_enc:
  52 000a 00       		.space	1
  53              		.global	flag_ts_update
  54              		.type	flag_ts_update, %object
  55              		.size	flag_ts_update, 1
  56              	flag_ts_update:
  57 000b 00       		.space	1
ARM GAS  C:\Users\pmal123\AppData\Local\Temp\ccboBe8g.s 			page 2


  58              		.global	flag_ts_speed
  59              		.type	flag_ts_speed, %object
  60              		.size	flag_ts_speed, 1
  61              	flag_ts_speed:
  62 000c 00       		.space	1
  63              		.global	flag_ts_display
  64              		.type	flag_ts_display, %object
  65              		.size	flag_ts_display, 1
  66              	flag_ts_display:
  67 000d 00       		.space	1
  68              		.global	flag_rx
  69              		.type	flag_rx, %object
  70              		.size	flag_rx, 1
  71              	flag_rx:
  72 000e 00       		.space	1
  73              		.global	flag_packet
  74              		.type	flag_packet, %object
  75              		.size	flag_packet, 1
  76              	flag_packet:
  77 000f 00       		.space	1
  78              		.global	flag_KB_string
  79              		.type	flag_KB_string, %object
  80              		.size	flag_KB_string, 1
  81              	flag_KB_string:
  82 0010 00       		.space	1
  83              		.global	dataready_flag
  84              		.type	dataready_flag, %object
  85              		.size	dataready_flag, 1
  86              	dataready_flag:
  87 0011 00       		.space	1
  88              		.global	flag_rf_transmission_active
  89              		.data
  90              		.type	flag_rf_transmission_active, %object
  91              		.size	flag_rf_transmission_active, 1
  92              	flag_rf_transmission_active:
  93 0000 0A       		.byte	10
  94              		.global	displaystring
  95 0001 000000   		.align	2
  96              		.type	displaystring, %object
  97              		.size	displaystring, 64
  98              	displaystring:
  99 0004 43533330 		.ascii	"CS301 2016\012\000"
  99      31203230 
  99      31360A00 
 100 0010 00000000 		.space	52
 100      00000000 
 100      00000000 
 100      00000000 
 100      00000000 
 101              		.comm	line,64,4
 102              		.comm	entry,64,4
 103              		.comm	usbBuffer,64,4
 104              		.comm	system_state,32,4
 105              		.section	.text.cycle_PWM,"ax",%progbits
 106              		.align	2
 107              		.global	cycle_PWM
 108              		.thumb
ARM GAS  C:\Users\pmal123\AppData\Local\Temp\ccboBe8g.s 			page 3


 109              		.thumb_func
 110              		.type	cycle_PWM, %function
 111              	cycle_PWM:
 112              	.LFB63:
 113              		.file 1 ".\\main.c"
   1:.\main.c      **** /* ========================================
   2:.\main.c      ****  * This code will test/use the functionality of all of the below peripherals.
   3:.\main.c      ****  * Fully working code: 
   4:.\main.c      ****  * PWM      : 
   5:.\main.c      ****     Cycle up and down when enabled
   6:.\main.c      ****  * Encoder  : 
   7:.\main.c      ****     Calibrate the wheels when enabled
   8:.\main.c      **** 
   9:.\main.c      ****  * ADC      :
  10:.\main.c      ****     Prints the ADC reading (in volts) to UART
  11:.\main.c      **** 
  12:.\main.c      ****  * USB      : port displays speed and position.
  13:.\main.c      **** 
  14:.\main.c      ****  * CMD: "PW xx"
  15:.\main.c      **** 
  16:.\main.c      ****  * Copyright Univ of Auckland, 2016
  17:.\main.c      ****  * All Rights Reserved
  18:.\main.c      ****  * UNPUBLISHED, LICENSED SOFTWARE.
  19:.\main.c      ****  *
  20:.\main.c      ****  * CONFIDENTIAL AND PROPRIETARY INFORMATION
  21:.\main.c      ****  * WHICH IS THE PROPERTY OF Univ of Auckland.
  22:.\main.c      ****  *
  23:.\main.c      ****  * ========================================
  24:.\main.c      **** */
  25:.\main.c      **** #include <stdio.h>
  26:.\main.c      **** #include <string.h>
  27:.\main.c      **** #include <stdlib.h>
  28:.\main.c      **** #include <project.h>
  29:.\main.c      **** //* ========================================
  30:.\main.c      **** #include "defines.h"
  31:.\main.c      **** #include "vars.h"
  32:.\main.c      **** //* ========================================
  33:.\main.c      **** void usbPutString(char *s);
  34:.\main.c      **** void usbPutChar(char c);
  35:.\main.c      **** void handle_usb();
  36:.\main.c      **** //* ========================================
  37:.\main.c      **** 
  38:.\main.c      **** 
  39:.\main.c      **** 
  40:.\main.c      **** void cycle_PWM()
  41:.\main.c      **** {
 114              		.loc 1 41 0
 115              		.cfi_startproc
 116              		@ args = 0, pretend = 0, frame = 8
 117              		@ frame_needed = 1, uses_anonymous_args = 0
 118 0000 80B5     		push	{r7, lr}
 119              		.cfi_def_cfa_offset 8
 120              		.cfi_offset 7, -8
 121              		.cfi_offset 14, -4
 122 0002 82B0     		sub	sp, sp, #8
 123              		.cfi_def_cfa_offset 16
 124 0004 00AF     		add	r7, sp, #0
ARM GAS  C:\Users\pmal123\AppData\Local\Temp\ccboBe8g.s 			page 4


 125              		.cfi_def_cfa_register 7
  42:.\main.c      ****     uint16 fluct;
  43:.\main.c      ****     
  44:.\main.c      ****     for(fluct = 30; fluct <= 100; fluct++)
 126              		.loc 1 44 0
 127 0006 1E23     		movs	r3, #30
 128 0008 FB80     		strh	r3, [r7, #6]	@ movhi
 129 000a 0FE0     		b	.L2
 130              	.L3:
  45:.\main.c      ****     {
  46:.\main.c      ****         PWM_1_WriteCompare(fluct);
 131              		.loc 1 46 0 discriminator 3
 132 000c FB88     		ldrh	r3, [r7, #6]	@ movhi
 133 000e DBB2     		uxtb	r3, r3
 134 0010 1846     		mov	r0, r3
 135 0012 FFF7FEFF 		bl	PWM_1_WriteCompare
  47:.\main.c      ****         PWM_2_WriteCompare(fluct);
 136              		.loc 1 47 0 discriminator 3
 137 0016 FB88     		ldrh	r3, [r7, #6]	@ movhi
 138 0018 DBB2     		uxtb	r3, r3
 139 001a 1846     		mov	r0, r3
 140 001c FFF7FEFF 		bl	PWM_2_WriteCompare
  48:.\main.c      ****         CyDelay(30);
 141              		.loc 1 48 0 discriminator 3
 142 0020 1E20     		movs	r0, #30
 143 0022 FFF7FEFF 		bl	CyDelay
  44:.\main.c      ****     {
 144              		.loc 1 44 0 discriminator 3
 145 0026 FB88     		ldrh	r3, [r7, #6]
 146 0028 0133     		adds	r3, r3, #1
 147 002a FB80     		strh	r3, [r7, #6]	@ movhi
 148              	.L2:
  44:.\main.c      ****     {
 149              		.loc 1 44 0 is_stmt 0 discriminator 1
 150 002c FB88     		ldrh	r3, [r7, #6]
 151 002e 642B     		cmp	r3, #100
 152 0030 ECD9     		bls	.L3
  49:.\main.c      ****     }
  50:.\main.c      ****     
  51:.\main.c      ****     for(fluct = 100; fluct >= 30; fluct--)
 153              		.loc 1 51 0 is_stmt 1
 154 0032 6423     		movs	r3, #100
 155 0034 FB80     		strh	r3, [r7, #6]	@ movhi
 156 0036 0FE0     		b	.L4
 157              	.L5:
  52:.\main.c      ****     {
  53:.\main.c      ****         PWM_1_WriteCompare(fluct);
 158              		.loc 1 53 0 discriminator 3
 159 0038 FB88     		ldrh	r3, [r7, #6]	@ movhi
 160 003a DBB2     		uxtb	r3, r3
 161 003c 1846     		mov	r0, r3
 162 003e FFF7FEFF 		bl	PWM_1_WriteCompare
  54:.\main.c      ****         PWM_2_WriteCompare(fluct);
 163              		.loc 1 54 0 discriminator 3
 164 0042 FB88     		ldrh	r3, [r7, #6]	@ movhi
 165 0044 DBB2     		uxtb	r3, r3
 166 0046 1846     		mov	r0, r3
ARM GAS  C:\Users\pmal123\AppData\Local\Temp\ccboBe8g.s 			page 5


 167 0048 FFF7FEFF 		bl	PWM_2_WriteCompare
  55:.\main.c      ****         CyDelay(30);
 168              		.loc 1 55 0 discriminator 3
 169 004c 1E20     		movs	r0, #30
 170 004e FFF7FEFF 		bl	CyDelay
  51:.\main.c      ****     {
 171              		.loc 1 51 0 discriminator 3
 172 0052 FB88     		ldrh	r3, [r7, #6]
 173 0054 013B     		subs	r3, r3, #1
 174 0056 FB80     		strh	r3, [r7, #6]	@ movhi
 175              	.L4:
  51:.\main.c      ****     {
 176              		.loc 1 51 0 is_stmt 0 discriminator 1
 177 0058 FB88     		ldrh	r3, [r7, #6]
 178 005a 1D2B     		cmp	r3, #29
 179 005c ECD8     		bhi	.L5
  56:.\main.c      ****     }
  57:.\main.c      ****     
  58:.\main.c      **** }
 180              		.loc 1 58 0 is_stmt 1
 181 005e 0837     		adds	r7, r7, #8
 182              		.cfi_def_cfa_offset 8
 183 0060 BD46     		mov	sp, r7
 184              		.cfi_def_cfa_register 13
 185              		@ sp needed
 186 0062 80BD     		pop	{r7, pc}
 187              		.cfi_endproc
 188              	.LFE63:
 189              		.size	cycle_PWM, .-cycle_PWM
 190              		.section	.text.main,"ax",%progbits
 191              		.align	2
 192              		.global	main
 193              		.thumb
 194              		.thumb_func
 195              		.type	main, %function
 196              	main:
 197              	.LFB64:
  59:.\main.c      **** 
  60:.\main.c      **** int main()
  61:.\main.c      **** {  
 198              		.loc 1 61 0
 199              		.cfi_startproc
 200              		@ args = 0, pretend = 0, frame = 0
 201              		@ frame_needed = 1, uses_anonymous_args = 0
 202 0000 80B5     		push	{r7, lr}
 203              		.cfi_def_cfa_offset 8
 204              		.cfi_offset 7, -8
 205              		.cfi_offset 14, -4
 206 0002 00AF     		add	r7, sp, #0
 207              		.cfi_def_cfa_register 7
  62:.\main.c      **** 
  63:.\main.c      **** // --------------------------------    
  64:.\main.c      **** // ----- INITIALIZATIONS ----------
  65:.\main.c      ****     CYGlobalIntEnable;
 208              		.loc 1 65 0
 209              	@ 65 ".\main.c" 1
 210 0004 62B6     		CPSIE   i
ARM GAS  C:\Users\pmal123\AppData\Local\Temp\ccboBe8g.s 			page 6


 211              	@ 0 "" 2
  66:.\main.c      ****     
  67:.\main.c      ****     
  68:.\main.c      ****      PWM_1_Start();// starting the pwm
 212              		.loc 1 68 0
 213              		.thumb
 214 0006 FFF7FEFF 		bl	PWM_1_Start
  69:.\main.c      ****      PWM_2_Start();// starting the pwm
 215              		.loc 1 69 0
 216 000a FFF7FEFF 		bl	PWM_2_Start
  70:.\main.c      **** 
  71:.\main.c      **** // ------USB SETUP ----------------    
  72:.\main.c      **** #ifdef USE_USB    
  73:.\main.c      ****     USBUART_Start(0,USBUART_5V_OPERATION);
 217              		.loc 1 73 0
 218 000e 0020     		movs	r0, #0
 219 0010 0121     		movs	r1, #1
 220 0012 FFF7FEFF 		bl	USBUART_Start
  74:.\main.c      **** #endif        
  75:.\main.c      ****         
  76:.\main.c      ****     RF_BT_SELECT_Write(0);
 221              		.loc 1 76 0
 222 0016 0020     		movs	r0, #0
 223 0018 FFF7FEFF 		bl	RF_BT_SELECT_Write
 224              	.L8:
  77:.\main.c      **** 
  78:.\main.c      ****     //usbPutString("Started");
  79:.\main.c      ****     for(;;)
  80:.\main.c      ****     {
  81:.\main.c      ****         /* Place your application code here. */
  82:.\main.c      ****         cycle_PWM();
 225              		.loc 1 82 0
 226 001c FFF7FEFF 		bl	cycle_PWM
  83:.\main.c      ****         handle_usb();
 227              		.loc 1 83 0
 228 0020 FFF7FEFF 		bl	handle_usb
  84:.\main.c      ****         if (flag_KB_string == 1)
 229              		.loc 1 84 0
 230 0024 054B     		ldr	r3, .L9
 231 0026 1B78     		ldrb	r3, [r3]	@ zero_extendqisi2
 232 0028 012B     		cmp	r3, #1
 233 002a 05D1     		bne	.L7
  85:.\main.c      ****         {
  86:.\main.c      ****             usbPutString(line);
 234              		.loc 1 86 0
 235 002c 0448     		ldr	r0, .L9+4
 236 002e FFF7FEFF 		bl	usbPutString
  87:.\main.c      ****             flag_KB_string = 0;
 237              		.loc 1 87 0
 238 0032 024B     		ldr	r3, .L9
 239 0034 0022     		movs	r2, #0
 240 0036 1A70     		strb	r2, [r3]
 241              	.L7:
  88:.\main.c      ****         }     
  89:.\main.c      ****         
  90:.\main.c      ****     }   
 242              		.loc 1 90 0
ARM GAS  C:\Users\pmal123\AppData\Local\Temp\ccboBe8g.s 			page 7


 243 0038 F0E7     		b	.L8
 244              	.L10:
 245 003a 00BF     		.align	2
 246              	.L9:
 247 003c 00000000 		.word	flag_KB_string
 248 0040 00000000 		.word	line
 249              		.cfi_endproc
 250              	.LFE64:
 251              		.size	main, .-main
 252              		.section	.text.usbPutString,"ax",%progbits
 253              		.align	2
 254              		.global	usbPutString
 255              		.thumb
 256              		.thumb_func
 257              		.type	usbPutString, %function
 258              	usbPutString:
 259              	.LFB65:
  91:.\main.c      **** }
  92:.\main.c      **** //* ========================================
  93:.\main.c      **** void usbPutString(char *s)
  94:.\main.c      **** {
 260              		.loc 1 94 0
 261              		.cfi_startproc
 262              		@ args = 0, pretend = 0, frame = 8
 263              		@ frame_needed = 1, uses_anonymous_args = 0
 264 0000 80B5     		push	{r7, lr}
 265              		.cfi_def_cfa_offset 8
 266              		.cfi_offset 7, -8
 267              		.cfi_offset 14, -4
 268 0002 82B0     		sub	sp, sp, #8
 269              		.cfi_def_cfa_offset 16
 270 0004 00AF     		add	r7, sp, #0
 271              		.cfi_def_cfa_register 7
 272 0006 7860     		str	r0, [r7, #4]
  95:.\main.c      **** // !! Assumes that *s is a string with allocated space >=64 chars     
  96:.\main.c      **** //  Since USB implementation retricts data packets to 64 chars, this function truncates the
  97:.\main.c      **** //  length to 62 char (63rd char is a '!')
  98:.\main.c      **** 
  99:.\main.c      **** #ifdef USE_USB     
 100:.\main.c      ****     while (USBUART_CDCIsReady() == 0);
 273              		.loc 1 100 0
 274 0008 00BF     		nop
 275              	.L12:
 276              		.loc 1 100 0 is_stmt 0 discriminator 1
 277 000a FFF7FEFF 		bl	USBUART_CDCIsReady
 278 000e 0346     		mov	r3, r0
 279 0010 002B     		cmp	r3, #0
 280 0012 FAD0     		beq	.L12
 101:.\main.c      ****     s[63]='\0';
 281              		.loc 1 101 0 is_stmt 1
 282 0014 7B68     		ldr	r3, [r7, #4]
 283 0016 3F33     		adds	r3, r3, #63
 284 0018 0022     		movs	r2, #0
 285 001a 1A70     		strb	r2, [r3]
 102:.\main.c      ****     s[62]='!';
 286              		.loc 1 102 0
 287 001c 7B68     		ldr	r3, [r7, #4]
ARM GAS  C:\Users\pmal123\AppData\Local\Temp\ccboBe8g.s 			page 8


 288 001e 3E33     		adds	r3, r3, #62
 289 0020 2122     		movs	r2, #33
 290 0022 1A70     		strb	r2, [r3]
 103:.\main.c      ****     USBUART_PutData((uint8*)s,strlen(s));
 291              		.loc 1 103 0
 292 0024 7868     		ldr	r0, [r7, #4]
 293 0026 FFF7FEFF 		bl	strlen
 294 002a 0346     		mov	r3, r0
 295 002c 9BB2     		uxth	r3, r3
 296 002e 7868     		ldr	r0, [r7, #4]
 297 0030 1946     		mov	r1, r3
 298 0032 FFF7FEFF 		bl	USBUART_PutData
 104:.\main.c      **** #endif
 105:.\main.c      **** }
 299              		.loc 1 105 0
 300 0036 0837     		adds	r7, r7, #8
 301              		.cfi_def_cfa_offset 8
 302 0038 BD46     		mov	sp, r7
 303              		.cfi_def_cfa_register 13
 304              		@ sp needed
 305 003a 80BD     		pop	{r7, pc}
 306              		.cfi_endproc
 307              	.LFE65:
 308              		.size	usbPutString, .-usbPutString
 309              		.section	.text.usbPutChar,"ax",%progbits
 310              		.align	2
 311              		.global	usbPutChar
 312              		.thumb
 313              		.thumb_func
 314              		.type	usbPutChar, %function
 315              	usbPutChar:
 316              	.LFB66:
 106:.\main.c      **** //* ========================================
 107:.\main.c      **** void usbPutChar(char c)
 108:.\main.c      **** {
 317              		.loc 1 108 0
 318              		.cfi_startproc
 319              		@ args = 0, pretend = 0, frame = 8
 320              		@ frame_needed = 1, uses_anonymous_args = 0
 321 0000 80B5     		push	{r7, lr}
 322              		.cfi_def_cfa_offset 8
 323              		.cfi_offset 7, -8
 324              		.cfi_offset 14, -4
 325 0002 82B0     		sub	sp, sp, #8
 326              		.cfi_def_cfa_offset 16
 327 0004 00AF     		add	r7, sp, #0
 328              		.cfi_def_cfa_register 7
 329 0006 0346     		mov	r3, r0
 330 0008 FB71     		strb	r3, [r7, #7]
 109:.\main.c      **** #ifdef USE_USB     
 110:.\main.c      ****     while (USBUART_CDCIsReady() == 0);
 331              		.loc 1 110 0
 332 000a 00BF     		nop
 333              	.L14:
 334              		.loc 1 110 0 is_stmt 0 discriminator 1
 335 000c FFF7FEFF 		bl	USBUART_CDCIsReady
 336 0010 0346     		mov	r3, r0
ARM GAS  C:\Users\pmal123\AppData\Local\Temp\ccboBe8g.s 			page 9


 337 0012 002B     		cmp	r3, #0
 338 0014 FAD0     		beq	.L14
 111:.\main.c      ****     USBUART_PutChar(c);
 339              		.loc 1 111 0 is_stmt 1
 340 0016 FB79     		ldrb	r3, [r7, #7]	@ zero_extendqisi2
 341 0018 1846     		mov	r0, r3
 342 001a FFF7FEFF 		bl	USBUART_PutChar
 112:.\main.c      **** #endif    
 113:.\main.c      **** }
 343              		.loc 1 113 0
 344 001e 0837     		adds	r7, r7, #8
 345              		.cfi_def_cfa_offset 8
 346 0020 BD46     		mov	sp, r7
 347              		.cfi_def_cfa_register 13
 348              		@ sp needed
 349 0022 80BD     		pop	{r7, pc}
 350              		.cfi_endproc
 351              	.LFE66:
 352              		.size	usbPutChar, .-usbPutChar
 353              		.section	.text.uart_set_PWM,"ax",%progbits
 354              		.align	2
 355              		.global	uart_set_PWM
 356              		.thumb
 357              		.thumb_func
 358              		.type	uart_set_PWM, %function
 359              	uart_set_PWM:
 360              	.LFB67:
 114:.\main.c      **** //* ========================================
 115:.\main.c      **** 
 116:.\main.c      **** void uart_set_PWM()
 117:.\main.c      **** {
 361              		.loc 1 117 0
 362              		.cfi_startproc
 363              		@ args = 0, pretend = 0, frame = 8
 364              		@ frame_needed = 1, uses_anonymous_args = 0
 365 0000 80B5     		push	{r7, lr}
 366              		.cfi_def_cfa_offset 8
 367              		.cfi_offset 7, -8
 368              		.cfi_offset 14, -4
 369 0002 82B0     		sub	sp, sp, #8
 370              		.cfi_def_cfa_offset 16
 371 0004 00AF     		add	r7, sp, #0
 372              		.cfi_def_cfa_register 7
 118:.\main.c      ****     uint8 c;
 119:.\main.c      ****      if (USBUART_DataIsReady() != 0)
 373              		.loc 1 119 0
 374 0006 FFF7FEFF 		bl	USBUART_DataIsReady
 375 000a 0346     		mov	r3, r0
 376 000c 002B     		cmp	r3, #0
 377 000e 11D0     		beq	.L15
 120:.\main.c      ****         {  
 121:.\main.c      ****             c = USBUART_GetChar();
 378              		.loc 1 121 0
 379 0010 FFF7FEFF 		bl	USBUART_GetChar
 380 0014 0346     		mov	r3, r0
 381 0016 FB71     		strb	r3, [r7, #7]
 122:.\main.c      ****             
ARM GAS  C:\Users\pmal123\AppData\Local\Temp\ccboBe8g.s 			page 10


 123:.\main.c      ****             if(c <= 100 && c > 0){
 382              		.loc 1 123 0
 383 0018 FB79     		ldrb	r3, [r7, #7]	@ zero_extendqisi2
 384 001a 642B     		cmp	r3, #100
 385 001c 0AD8     		bhi	.L15
 386              		.loc 1 123 0 is_stmt 0 discriminator 1
 387 001e FB79     		ldrb	r3, [r7, #7]	@ zero_extendqisi2
 388 0020 002B     		cmp	r3, #0
 389 0022 07D0     		beq	.L15
 124:.\main.c      ****                 PWM_1_WriteCompare(c);
 390              		.loc 1 124 0 is_stmt 1
 391 0024 FB79     		ldrb	r3, [r7, #7]	@ zero_extendqisi2
 392 0026 1846     		mov	r0, r3
 393 0028 FFF7FEFF 		bl	PWM_1_WriteCompare
 125:.\main.c      ****                 usbPutString(c);
 394              		.loc 1 125 0
 395 002c FB79     		ldrb	r3, [r7, #7]	@ zero_extendqisi2
 396 002e 1846     		mov	r0, r3
 397 0030 FFF7FEFF 		bl	usbPutString
 398              	.L15:
 126:.\main.c      ****             }
 127:.\main.c      ****         }
 128:.\main.c      **** }
 399              		.loc 1 128 0
 400 0034 0837     		adds	r7, r7, #8
 401              		.cfi_def_cfa_offset 8
 402 0036 BD46     		mov	sp, r7
 403              		.cfi_def_cfa_register 13
 404              		@ sp needed
 405 0038 80BD     		pop	{r7, pc}
 406              		.cfi_endproc
 407              	.LFE67:
 408              		.size	uart_set_PWM, .-uart_set_PWM
 409 003a 00BF     		.section	.text.handle_usb,"ax",%progbits
 410              		.align	2
 411              		.global	handle_usb
 412              		.thumb
 413              		.thumb_func
 414              		.type	handle_usb, %function
 415              	handle_usb:
 416              	.LFB68:
 129:.\main.c      **** 
 130:.\main.c      **** void handle_usb()
 131:.\main.c      **** {
 417              		.loc 1 131 0
 418              		.cfi_startproc
 419              		@ args = 0, pretend = 0, frame = 0
 420              		@ frame_needed = 1, uses_anonymous_args = 0
 421 0000 80B5     		push	{r7, lr}
 422              		.cfi_def_cfa_offset 8
 423              		.cfi_offset 7, -8
 424              		.cfi_offset 14, -4
 425 0002 00AF     		add	r7, sp, #0
 426              		.cfi_def_cfa_register 7
 132:.\main.c      ****     // handles input at terminal, echos it back to the terminal
 133:.\main.c      ****     // turn echo OFF, key emulation: only CR
 134:.\main.c      ****     // entered string is made available in 'line' and 'flag_KB_string' is set
ARM GAS  C:\Users\pmal123\AppData\Local\Temp\ccboBe8g.s 			page 11


 135:.\main.c      ****     
 136:.\main.c      ****     static uint8 usbStarted = FALSE;
 137:.\main.c      ****     static uint16 usbBufCount = 0;
 138:.\main.c      **** 
 139:.\main.c      ****     if (!usbStarted)
 427              		.loc 1 139 0
 428 0004 074B     		ldr	r3, .L20
 429 0006 1B78     		ldrb	r3, [r3]	@ zero_extendqisi2
 430 0008 002B     		cmp	r3, #0
 431 000a 09D1     		bne	.L17
 140:.\main.c      ****     {
 141:.\main.c      ****         if (USBUART_GetConfiguration())
 432              		.loc 1 141 0
 433 000c FFF7FEFF 		bl	USBUART_GetConfiguration
 434 0010 0346     		mov	r3, r0
 435 0012 002B     		cmp	r3, #0
 436 0014 04D0     		beq	.L17
 142:.\main.c      ****         {
 143:.\main.c      ****             USBUART_CDC_Init();
 437              		.loc 1 143 0
 438 0016 FFF7FEFF 		bl	USBUART_CDC_Init
 144:.\main.c      ****             usbStarted = TRUE;
 439              		.loc 1 144 0
 440 001a 024B     		ldr	r3, .L20
 441 001c 0122     		movs	r2, #1
 442 001e 1A70     		strb	r2, [r3]
 443              	.L17:
 145:.\main.c      ****         }
 146:.\main.c      ****     }
 147:.\main.c      ****     else
 148:.\main.c      ****     {
 149:.\main.c      ****        
 150:.\main.c      ****     }    
 151:.\main.c      **** }
 444              		.loc 1 151 0
 445 0020 80BD     		pop	{r7, pc}
 446              	.L21:
 447 0022 00BF     		.align	2
 448              	.L20:
 449 0024 12000000 		.word	usbStarted.7969
 450              		.cfi_endproc
 451              	.LFE68:
 452              		.size	handle_usb, .-handle_usb
 453              		.bss
 454              	usbStarted.7969:
 455 0012 00       		.space	1
 456 0013 00       		.align	1
 457              	usbBufCount.7970:
 458 0014 0000     		.space	2
 459              		.text
 460              	.Letext0:
 461              		.file 2 "c:\\program files (x86)\\cypress\\psoc creator\\3.3\\psoc creator\\import\\gnu\\arm\\4.9.
 462              		.file 3 "c:\\program files (x86)\\cypress\\psoc creator\\3.3\\psoc creator\\import\\gnu\\arm\\4.9.
 463              		.file 4 "Generated_Source\\PSoC5/cytypes.h"
 464              		.file 5 ".\\vars.h"
 465              		.file 6 "Generated_Source\\PSoC5/core_cm3.h"
 466              		.section	.debug_info,"",%progbits
ARM GAS  C:\Users\pmal123\AppData\Local\Temp\ccboBe8g.s 			page 12


 467              	.Ldebug_info0:
 468 0000 F3030000 		.4byte	0x3f3
 469 0004 0400     		.2byte	0x4
 470 0006 00000000 		.4byte	.Ldebug_abbrev0
 471 000a 04       		.byte	0x4
 472 000b 01       		.uleb128 0x1
 473 000c 3C010000 		.4byte	.LASF63
 474 0010 01       		.byte	0x1
 475 0011 28000000 		.4byte	.LASF64
 476 0015 A9000000 		.4byte	.LASF65
 477 0019 00000000 		.4byte	.Ldebug_ranges0+0
 478 001d 00000000 		.4byte	0
 479 0021 00000000 		.4byte	.Ldebug_line0
 480 0025 02       		.uleb128 0x2
 481 0026 01       		.byte	0x1
 482 0027 06       		.byte	0x6
 483 0028 0E020000 		.4byte	.LASF0
 484 002c 02       		.uleb128 0x2
 485 002d 01       		.byte	0x1
 486 002e 08       		.byte	0x8
 487 002f E8010000 		.4byte	.LASF1
 488 0033 02       		.uleb128 0x2
 489 0034 02       		.byte	0x2
 490 0035 05       		.byte	0x5
 491 0036 47000000 		.4byte	.LASF2
 492 003a 02       		.uleb128 0x2
 493 003b 02       		.byte	0x2
 494 003c 07       		.byte	0x7
 495 003d 6A020000 		.4byte	.LASF3
 496 0041 03       		.uleb128 0x3
 497 0042 06030000 		.4byte	.LASF11
 498 0046 02       		.byte	0x2
 499 0047 3F       		.byte	0x3f
 500 0048 4C000000 		.4byte	0x4c
 501 004c 02       		.uleb128 0x2
 502 004d 04       		.byte	0x4
 503 004e 05       		.byte	0x5
 504 004f 8C020000 		.4byte	.LASF4
 505 0053 02       		.uleb128 0x2
 506 0054 04       		.byte	0x4
 507 0055 07       		.byte	0x7
 508 0056 D4020000 		.4byte	.LASF5
 509 005a 02       		.uleb128 0x2
 510 005b 08       		.byte	0x8
 511 005c 05       		.byte	0x5
 512 005d F0000000 		.4byte	.LASF6
 513 0061 02       		.uleb128 0x2
 514 0062 08       		.byte	0x8
 515 0063 07       		.byte	0x7
 516 0064 1A020000 		.4byte	.LASF7
 517 0068 04       		.uleb128 0x4
 518 0069 04       		.byte	0x4
 519 006a 05       		.byte	0x5
 520 006b 696E7400 		.ascii	"int\000"
 521 006f 02       		.uleb128 0x2
 522 0070 04       		.byte	0x4
 523 0071 07       		.byte	0x7
ARM GAS  C:\Users\pmal123\AppData\Local\Temp\ccboBe8g.s 			page 13


 524 0072 31020000 		.4byte	.LASF8
 525 0076 02       		.uleb128 0x2
 526 0077 04       		.byte	0x4
 527 0078 07       		.byte	0x7
 528 0079 5E000000 		.4byte	.LASF9
 529 007d 05       		.uleb128 0x5
 530 007e 04       		.byte	0x4
 531 007f 83000000 		.4byte	0x83
 532 0083 02       		.uleb128 0x2
 533 0084 01       		.byte	0x1
 534 0085 08       		.byte	0x8
 535 0086 87020000 		.4byte	.LASF10
 536 008a 03       		.uleb128 0x3
 537 008b A0020000 		.4byte	.LASF12
 538 008f 03       		.byte	0x3
 539 0090 2C       		.byte	0x2c
 540 0091 41000000 		.4byte	0x41
 541 0095 06       		.uleb128 0x6
 542 0096 96000000 		.4byte	.LASF13
 543 009a 04       		.byte	0x4
 544 009b 9201     		.2byte	0x192
 545 009d 2C000000 		.4byte	0x2c
 546 00a1 06       		.uleb128 0x6
 547 00a2 83000000 		.4byte	.LASF14
 548 00a6 04       		.byte	0x4
 549 00a7 9301     		.2byte	0x193
 550 00a9 3A000000 		.4byte	0x3a
 551 00ad 06       		.uleb128 0x6
 552 00ae 0B010000 		.4byte	.LASF15
 553 00b2 04       		.byte	0x4
 554 00b3 9501     		.2byte	0x195
 555 00b5 25000000 		.4byte	0x25
 556 00b9 06       		.uleb128 0x6
 557 00ba 90000000 		.4byte	.LASF16
 558 00be 04       		.byte	0x4
 559 00bf 9601     		.2byte	0x196
 560 00c1 33000000 		.4byte	0x33
 561 00c5 02       		.uleb128 0x2
 562 00c6 04       		.byte	0x4
 563 00c7 04       		.byte	0x4
 564 00c8 EA000000 		.4byte	.LASF17
 565 00cc 02       		.uleb128 0x2
 566 00cd 08       		.byte	0x8
 567 00ce 04       		.byte	0x4
 568 00cf 7C000000 		.4byte	.LASF18
 569 00d3 07       		.uleb128 0x7
 570 00d4 7D020000 		.4byte	.LASF66
 571 00d8 20       		.byte	0x20
 572 00d9 05       		.byte	0x5
 573 00da 29       		.byte	0x29
 574 00db AC010000 		.4byte	0x1ac
 575 00df 08       		.uleb128 0x8
 576 00e0 6C030000 		.4byte	.LASF19
 577 00e4 05       		.byte	0x5
 578 00e5 2A       		.byte	0x2a
 579 00e6 AD000000 		.4byte	0xad
 580 00ea 00       		.byte	0
ARM GAS  C:\Users\pmal123\AppData\Local\Temp\ccboBe8g.s 			page 14


 581 00eb 08       		.uleb128 0x8
 582 00ec 8A000000 		.4byte	.LASF20
 583 00f0 05       		.byte	0x5
 584 00f1 2B       		.byte	0x2b
 585 00f2 95000000 		.4byte	0x95
 586 00f6 01       		.byte	0x1
 587 00f7 08       		.uleb128 0x8
 588 00f8 95020000 		.4byte	.LASF21
 589 00fc 05       		.byte	0x5
 590 00fd 2C       		.byte	0x2c
 591 00fe B9000000 		.4byte	0xb9
 592 0102 02       		.byte	0x2
 593 0103 08       		.uleb128 0x8
 594 0104 54030000 		.4byte	.LASF22
 595 0108 05       		.byte	0x5
 596 0109 2D       		.byte	0x2d
 597 010a B9000000 		.4byte	0xb9
 598 010e 04       		.byte	0x4
 599 010f 08       		.uleb128 0x8
 600 0110 71030000 		.4byte	.LASF23
 601 0114 05       		.byte	0x5
 602 0115 2E       		.byte	0x2e
 603 0116 B9000000 		.4byte	0xb9
 604 011a 06       		.byte	0x6
 605 011b 08       		.uleb128 0x8
 606 011c 34010000 		.4byte	.LASF24
 607 0120 05       		.byte	0x5
 608 0121 2F       		.byte	0x2f
 609 0122 B9000000 		.4byte	0xb9
 610 0126 08       		.byte	0x8
 611 0127 08       		.uleb128 0x8
 612 0128 10030000 		.4byte	.LASF25
 613 012c 05       		.byte	0x5
 614 012d 30       		.byte	0x30
 615 012e B9000000 		.4byte	0xb9
 616 0132 0A       		.byte	0xa
 617 0133 08       		.uleb128 0x8
 618 0134 F6010000 		.4byte	.LASF26
 619 0138 05       		.byte	0x5
 620 0139 31       		.byte	0x31
 621 013a B9000000 		.4byte	0xb9
 622 013e 0C       		.byte	0xc
 623 013f 08       		.uleb128 0x8
 624 0140 27010000 		.4byte	.LASF27
 625 0144 05       		.byte	0x5
 626 0145 32       		.byte	0x32
 627 0146 B9000000 		.4byte	0xb9
 628 014a 0E       		.byte	0xe
 629 014b 08       		.uleb128 0x8
 630 014c 62020000 		.4byte	.LASF28
 631 0150 05       		.byte	0x5
 632 0151 33       		.byte	0x33
 633 0152 B9000000 		.4byte	0xb9
 634 0156 10       		.byte	0x10
 635 0157 08       		.uleb128 0x8
 636 0158 A8020000 		.4byte	.LASF29
 637 015c 05       		.byte	0x5
ARM GAS  C:\Users\pmal123\AppData\Local\Temp\ccboBe8g.s 			page 15


 638 015d 34       		.byte	0x34
 639 015e B9000000 		.4byte	0xb9
 640 0162 12       		.byte	0x12
 641 0163 08       		.uleb128 0x8
 642 0164 BD020000 		.4byte	.LASF30
 643 0168 05       		.byte	0x5
 644 0169 35       		.byte	0x35
 645 016a B9000000 		.4byte	0xb9
 646 016e 14       		.byte	0x14
 647 016f 08       		.uleb128 0x8
 648 0170 9C000000 		.4byte	.LASF31
 649 0174 05       		.byte	0x5
 650 0175 36       		.byte	0x36
 651 0176 B9000000 		.4byte	0xb9
 652 017a 16       		.byte	0x16
 653 017b 08       		.uleb128 0x8
 654 017c 3F000000 		.4byte	.LASF32
 655 0180 05       		.byte	0x5
 656 0181 37       		.byte	0x37
 657 0182 B9000000 		.4byte	0xb9
 658 0186 18       		.byte	0x18
 659 0187 08       		.uleb128 0x8
 660 0188 1F010000 		.4byte	.LASF33
 661 018c 05       		.byte	0x5
 662 018d 38       		.byte	0x38
 663 018e B9000000 		.4byte	0xb9
 664 0192 1A       		.byte	0x1a
 665 0193 08       		.uleb128 0x8
 666 0194 59020000 		.4byte	.LASF34
 667 0198 05       		.byte	0x5
 668 0199 39       		.byte	0x39
 669 019a B9000000 		.4byte	0xb9
 670 019e 1C       		.byte	0x1c
 671 019f 08       		.uleb128 0x8
 672 01a0 B0020000 		.4byte	.LASF35
 673 01a4 05       		.byte	0x5
 674 01a5 3A       		.byte	0x3a
 675 01a6 B9000000 		.4byte	0xb9
 676 01aa 1E       		.byte	0x1e
 677 01ab 00       		.byte	0
 678 01ac 09       		.uleb128 0x9
 679 01ad 12000000 		.4byte	.LASF38
 680 01b1 01       		.byte	0x1
 681 01b2 28       		.byte	0x28
 682 01b3 00000000 		.4byte	.LFB63
 683 01b7 64000000 		.4byte	.LFE63-.LFB63
 684 01bb 01       		.uleb128 0x1
 685 01bc 9C       		.byte	0x9c
 686 01bd D0010000 		.4byte	0x1d0
 687 01c1 0A       		.uleb128 0xa
 688 01c2 71000000 		.4byte	.LASF40
 689 01c6 01       		.byte	0x1
 690 01c7 2A       		.byte	0x2a
 691 01c8 A1000000 		.4byte	0xa1
 692 01cc 02       		.uleb128 0x2
 693 01cd 91       		.byte	0x91
 694 01ce 76       		.sleb128 -10
ARM GAS  C:\Users\pmal123\AppData\Local\Temp\ccboBe8g.s 			page 16


 695 01cf 00       		.byte	0
 696 01d0 0B       		.uleb128 0xb
 697 01d1 77000000 		.4byte	.LASF67
 698 01d5 01       		.byte	0x1
 699 01d6 3C       		.byte	0x3c
 700 01d7 68000000 		.4byte	0x68
 701 01db 00000000 		.4byte	.LFB64
 702 01df 44000000 		.4byte	.LFE64-.LFB64
 703 01e3 01       		.uleb128 0x1
 704 01e4 9C       		.byte	0x9c
 705 01e5 0C       		.uleb128 0xc
 706 01e6 FE000000 		.4byte	.LASF36
 707 01ea 01       		.byte	0x1
 708 01eb 5D       		.byte	0x5d
 709 01ec 00000000 		.4byte	.LFB65
 710 01f0 3C000000 		.4byte	.LFE65-.LFB65
 711 01f4 01       		.uleb128 0x1
 712 01f5 9C       		.byte	0x9c
 713 01f6 07020000 		.4byte	0x207
 714 01fa 0D       		.uleb128 0xd
 715 01fb 7300     		.ascii	"s\000"
 716 01fd 01       		.byte	0x1
 717 01fe 5D       		.byte	0x5d
 718 01ff 7D000000 		.4byte	0x7d
 719 0203 02       		.uleb128 0x2
 720 0204 91       		.byte	0x91
 721 0205 74       		.sleb128 -12
 722 0206 00       		.byte	0
 723 0207 0C       		.uleb128 0xc
 724 0208 00000000 		.4byte	.LASF37
 725 020c 01       		.byte	0x1
 726 020d 6B       		.byte	0x6b
 727 020e 00000000 		.4byte	.LFB66
 728 0212 24000000 		.4byte	.LFE66-.LFB66
 729 0216 01       		.uleb128 0x1
 730 0217 9C       		.byte	0x9c
 731 0218 29020000 		.4byte	0x229
 732 021c 0D       		.uleb128 0xd
 733 021d 6300     		.ascii	"c\000"
 734 021f 01       		.byte	0x1
 735 0220 6B       		.byte	0x6b
 736 0221 83000000 		.4byte	0x83
 737 0225 02       		.uleb128 0x2
 738 0226 91       		.byte	0x91
 739 0227 77       		.sleb128 -9
 740 0228 00       		.byte	0
 741 0229 09       		.uleb128 0x9
 742 022a DD000000 		.4byte	.LASF39
 743 022e 01       		.byte	0x1
 744 022f 74       		.byte	0x74
 745 0230 00000000 		.4byte	.LFB67
 746 0234 3A000000 		.4byte	.LFE67-.LFB67
 747 0238 01       		.uleb128 0x1
 748 0239 9C       		.byte	0x9c
 749 023a 4B020000 		.4byte	0x24b
 750 023e 0E       		.uleb128 0xe
 751 023f 6300     		.ascii	"c\000"
ARM GAS  C:\Users\pmal123\AppData\Local\Temp\ccboBe8g.s 			page 17


 752 0241 01       		.byte	0x1
 753 0242 76       		.byte	0x76
 754 0243 95000000 		.4byte	0x95
 755 0247 02       		.uleb128 0x2
 756 0248 91       		.byte	0x91
 757 0249 77       		.sleb128 -9
 758 024a 00       		.byte	0
 759 024b 09       		.uleb128 0x9
 760 024c 2D030000 		.4byte	.LASF41
 761 0250 01       		.byte	0x1
 762 0251 82       		.byte	0x82
 763 0252 00000000 		.4byte	.LFB68
 764 0256 28000000 		.4byte	.LFE68-.LFB68
 765 025a 01       		.uleb128 0x1
 766 025b 9C       		.byte	0x9c
 767 025c 83020000 		.4byte	0x283
 768 0260 0A       		.uleb128 0xa
 769 0261 E6020000 		.4byte	.LASF42
 770 0265 01       		.byte	0x1
 771 0266 88       		.byte	0x88
 772 0267 95000000 		.4byte	0x95
 773 026b 05       		.uleb128 0x5
 774 026c 03       		.byte	0x3
 775 026d 12000000 		.4byte	usbStarted.7969
 776 0271 0A       		.uleb128 0xa
 777 0272 4D020000 		.4byte	.LASF43
 778 0276 01       		.byte	0x1
 779 0277 89       		.byte	0x89
 780 0278 A1000000 		.4byte	0xa1
 781 027c 05       		.uleb128 0x5
 782 027d 03       		.byte	0x3
 783 027e 14000000 		.4byte	usbBufCount.7970
 784 0282 00       		.byte	0
 785 0283 0F       		.uleb128 0xf
 786 0284 5F030000 		.4byte	.LASF44
 787 0288 06       		.byte	0x6
 788 0289 9606     		.2byte	0x696
 789 028b 8F020000 		.4byte	0x28f
 790 028f 10       		.uleb128 0x10
 791 0290 8A000000 		.4byte	0x8a
 792 0294 11       		.uleb128 0x11
 793 0295 747300   		.ascii	"ts\000"
 794 0298 05       		.byte	0x5
 795 0299 10       		.byte	0x10
 796 029a 95000000 		.4byte	0x95
 797 029e 05       		.uleb128 0x5
 798 029f 03       		.byte	0x3
 799 02a0 00000000 		.4byte	ts
 800 02a4 12       		.uleb128 0x12
 801 02a5 0B000000 		.4byte	.LASF45
 802 02a9 05       		.byte	0x5
 803 02aa 11       		.byte	0x11
 804 02ab A1000000 		.4byte	0xa1
 805 02af 05       		.uleb128 0x5
 806 02b0 03       		.byte	0x3
 807 02b1 00000000 		.4byte	ts_enc
 808 02b5 12       		.uleb128 0x12
ARM GAS  C:\Users\pmal123\AppData\Local\Temp\ccboBe8g.s 			page 18


 809 02b6 23030000 		.4byte	.LASF46
 810 02ba 05       		.byte	0x5
 811 02bb 12       		.byte	0x12
 812 02bc A1000000 		.4byte	0xa1
 813 02c0 05       		.uleb128 0x5
 814 02c1 03       		.byte	0x3
 815 02c2 00000000 		.4byte	ts_update
 816 02c6 12       		.uleb128 0x12
 817 02c7 F1020000 		.4byte	.LASF47
 818 02cb 05       		.byte	0x5
 819 02cc 13       		.byte	0x13
 820 02cd A1000000 		.4byte	0xa1
 821 02d1 05       		.uleb128 0x5
 822 02d2 03       		.byte	0x3
 823 02d3 00000000 		.4byte	ts_speed
 824 02d7 12       		.uleb128 0x12
 825 02d8 18030000 		.4byte	.LASF48
 826 02dc 05       		.byte	0x5
 827 02dd 14       		.byte	0x14
 828 02de A1000000 		.4byte	0xa1
 829 02e2 05       		.uleb128 0x5
 830 02e3 03       		.byte	0x3
 831 02e4 00000000 		.4byte	ts_display
 832 02e8 12       		.uleb128 0x12
 833 02e9 FA020000 		.4byte	.LASF49
 834 02ed 05       		.byte	0x5
 835 02ee 16       		.byte	0x16
 836 02ef 95000000 		.4byte	0x95
 837 02f3 05       		.uleb128 0x5
 838 02f4 03       		.byte	0x3
 839 02f5 00000000 		.4byte	flag_ts_enc
 840 02f9 12       		.uleb128 0x12
 841 02fa 10010000 		.4byte	.LASF50
 842 02fe 05       		.byte	0x5
 843 02ff 17       		.byte	0x17
 844 0300 95000000 		.4byte	0x95
 845 0304 05       		.uleb128 0x5
 846 0305 03       		.byte	0x3
 847 0306 00000000 		.4byte	flag_ts_update
 848 030a 12       		.uleb128 0x12
 849 030b 31000000 		.4byte	.LASF51
 850 030f 05       		.byte	0x5
 851 0310 18       		.byte	0x18
 852 0311 95000000 		.4byte	0x95
 853 0315 05       		.uleb128 0x5
 854 0316 03       		.byte	0x3
 855 0317 00000000 		.4byte	flag_ts_speed
 856 031b 12       		.uleb128 0x12
 857 031c CA010000 		.4byte	.LASF52
 858 0320 05       		.byte	0x5
 859 0321 19       		.byte	0x19
 860 0322 95000000 		.4byte	0x95
 861 0326 05       		.uleb128 0x5
 862 0327 03       		.byte	0x3
 863 0328 00000000 		.4byte	flag_ts_display
 864 032c 12       		.uleb128 0x12
 865 032d DA010000 		.4byte	.LASF53
ARM GAS  C:\Users\pmal123\AppData\Local\Temp\ccboBe8g.s 			page 19


 866 0331 05       		.byte	0x5
 867 0332 1C       		.byte	0x1c
 868 0333 95000000 		.4byte	0x95
 869 0337 05       		.uleb128 0x5
 870 0338 03       		.byte	0x3
 871 0339 00000000 		.4byte	flag_rx
 872 033d 12       		.uleb128 0x12
 873 033e 1C000000 		.4byte	.LASF54
 874 0342 05       		.byte	0x5
 875 0343 1D       		.byte	0x1d
 876 0344 95000000 		.4byte	0x95
 877 0348 05       		.uleb128 0x5
 878 0349 03       		.byte	0x3
 879 034a 00000000 		.4byte	flag_packet
 880 034e 12       		.uleb128 0x12
 881 034f 3E020000 		.4byte	.LASF55
 882 0353 05       		.byte	0x5
 883 0354 1E       		.byte	0x1e
 884 0355 95000000 		.4byte	0x95
 885 0359 05       		.uleb128 0x5
 886 035a 03       		.byte	0x3
 887 035b 00000000 		.4byte	flag_KB_string
 888 035f 12       		.uleb128 0x12
 889 0360 FF010000 		.4byte	.LASF56
 890 0364 05       		.byte	0x5
 891 0365 20       		.byte	0x20
 892 0366 95000000 		.4byte	0x95
 893 036a 05       		.uleb128 0x5
 894 036b 03       		.byte	0x3
 895 036c 00000000 		.4byte	dataready_flag
 896 0370 12       		.uleb128 0x12
 897 0371 38030000 		.4byte	.LASF57
 898 0375 05       		.byte	0x5
 899 0376 22       		.byte	0x22
 900 0377 95000000 		.4byte	0x95
 901 037b 05       		.uleb128 0x5
 902 037c 03       		.byte	0x3
 903 037d 00000000 		.4byte	flag_rf_transmission_active
 904 0381 13       		.uleb128 0x13
 905 0382 83000000 		.4byte	0x83
 906 0386 91030000 		.4byte	0x391
 907 038a 14       		.uleb128 0x14
 908 038b 76000000 		.4byte	0x76
 909 038f 3F       		.byte	0x3f
 910 0390 00       		.byte	0
 911 0391 12       		.uleb128 0x12
 912 0392 C6020000 		.4byte	.LASF58
 913 0396 05       		.byte	0x5
 914 0397 25       		.byte	0x25
 915 0398 81030000 		.4byte	0x381
 916 039c 05       		.uleb128 0x5
 917 039d 03       		.byte	0x3
 918 039e 00000000 		.4byte	displaystring
 919 03a2 12       		.uleb128 0x12
 920 03a3 D8000000 		.4byte	.LASF59
 921 03a7 05       		.byte	0x5
 922 03a8 26       		.byte	0x26
ARM GAS  C:\Users\pmal123\AppData\Local\Temp\ccboBe8g.s 			page 20


 923 03a9 81030000 		.4byte	0x381
 924 03ad 05       		.uleb128 0x5
 925 03ae 03       		.byte	0x3
 926 03af 00000000 		.4byte	line
 927 03b3 12       		.uleb128 0x12
 928 03b4 E2010000 		.4byte	.LASF60
 929 03b8 05       		.byte	0x5
 930 03b9 26       		.byte	0x26
 931 03ba 81030000 		.4byte	0x381
 932 03be 05       		.uleb128 0x5
 933 03bf 03       		.byte	0x3
 934 03c0 00000000 		.4byte	entry
 935 03c4 13       		.uleb128 0x13
 936 03c5 95000000 		.4byte	0x95
 937 03c9 D4030000 		.4byte	0x3d4
 938 03cd 14       		.uleb128 0x14
 939 03ce 76000000 		.4byte	0x76
 940 03d2 3F       		.byte	0x3f
 941 03d3 00       		.byte	0
 942 03d4 12       		.uleb128 0x12
 943 03d5 67000000 		.4byte	.LASF61
 944 03d9 05       		.byte	0x5
 945 03da 27       		.byte	0x27
 946 03db C4030000 		.4byte	0x3c4
 947 03df 05       		.uleb128 0x5
 948 03e0 03       		.byte	0x3
 949 03e1 00000000 		.4byte	usbBuffer
 950 03e5 12       		.uleb128 0x12
 951 03e6 51000000 		.4byte	.LASF62
 952 03ea 05       		.byte	0x5
 953 03eb 3C       		.byte	0x3c
 954 03ec D3000000 		.4byte	0xd3
 955 03f0 05       		.uleb128 0x5
 956 03f1 03       		.byte	0x3
 957 03f2 00000000 		.4byte	system_state
 958 03f6 00       		.byte	0
 959              		.section	.debug_abbrev,"",%progbits
 960              	.Ldebug_abbrev0:
 961 0000 01       		.uleb128 0x1
 962 0001 11       		.uleb128 0x11
 963 0002 01       		.byte	0x1
 964 0003 25       		.uleb128 0x25
 965 0004 0E       		.uleb128 0xe
 966 0005 13       		.uleb128 0x13
 967 0006 0B       		.uleb128 0xb
 968 0007 03       		.uleb128 0x3
 969 0008 0E       		.uleb128 0xe
 970 0009 1B       		.uleb128 0x1b
 971 000a 0E       		.uleb128 0xe
 972 000b 55       		.uleb128 0x55
 973 000c 17       		.uleb128 0x17
 974 000d 11       		.uleb128 0x11
 975 000e 01       		.uleb128 0x1
 976 000f 10       		.uleb128 0x10
 977 0010 17       		.uleb128 0x17
 978 0011 00       		.byte	0
 979 0012 00       		.byte	0
ARM GAS  C:\Users\pmal123\AppData\Local\Temp\ccboBe8g.s 			page 21


 980 0013 02       		.uleb128 0x2
 981 0014 24       		.uleb128 0x24
 982 0015 00       		.byte	0
 983 0016 0B       		.uleb128 0xb
 984 0017 0B       		.uleb128 0xb
 985 0018 3E       		.uleb128 0x3e
 986 0019 0B       		.uleb128 0xb
 987 001a 03       		.uleb128 0x3
 988 001b 0E       		.uleb128 0xe
 989 001c 00       		.byte	0
 990 001d 00       		.byte	0
 991 001e 03       		.uleb128 0x3
 992 001f 16       		.uleb128 0x16
 993 0020 00       		.byte	0
 994 0021 03       		.uleb128 0x3
 995 0022 0E       		.uleb128 0xe
 996 0023 3A       		.uleb128 0x3a
 997 0024 0B       		.uleb128 0xb
 998 0025 3B       		.uleb128 0x3b
 999 0026 0B       		.uleb128 0xb
 1000 0027 49       		.uleb128 0x49
 1001 0028 13       		.uleb128 0x13
 1002 0029 00       		.byte	0
 1003 002a 00       		.byte	0
 1004 002b 04       		.uleb128 0x4
 1005 002c 24       		.uleb128 0x24
 1006 002d 00       		.byte	0
 1007 002e 0B       		.uleb128 0xb
 1008 002f 0B       		.uleb128 0xb
 1009 0030 3E       		.uleb128 0x3e
 1010 0031 0B       		.uleb128 0xb
 1011 0032 03       		.uleb128 0x3
 1012 0033 08       		.uleb128 0x8
 1013 0034 00       		.byte	0
 1014 0035 00       		.byte	0
 1015 0036 05       		.uleb128 0x5
 1016 0037 0F       		.uleb128 0xf
 1017 0038 00       		.byte	0
 1018 0039 0B       		.uleb128 0xb
 1019 003a 0B       		.uleb128 0xb
 1020 003b 49       		.uleb128 0x49
 1021 003c 13       		.uleb128 0x13
 1022 003d 00       		.byte	0
 1023 003e 00       		.byte	0
 1024 003f 06       		.uleb128 0x6
 1025 0040 16       		.uleb128 0x16
 1026 0041 00       		.byte	0
 1027 0042 03       		.uleb128 0x3
 1028 0043 0E       		.uleb128 0xe
 1029 0044 3A       		.uleb128 0x3a
 1030 0045 0B       		.uleb128 0xb
 1031 0046 3B       		.uleb128 0x3b
 1032 0047 05       		.uleb128 0x5
 1033 0048 49       		.uleb128 0x49
 1034 0049 13       		.uleb128 0x13
 1035 004a 00       		.byte	0
 1036 004b 00       		.byte	0
ARM GAS  C:\Users\pmal123\AppData\Local\Temp\ccboBe8g.s 			page 22


 1037 004c 07       		.uleb128 0x7
 1038 004d 13       		.uleb128 0x13
 1039 004e 01       		.byte	0x1
 1040 004f 03       		.uleb128 0x3
 1041 0050 0E       		.uleb128 0xe
 1042 0051 0B       		.uleb128 0xb
 1043 0052 0B       		.uleb128 0xb
 1044 0053 3A       		.uleb128 0x3a
 1045 0054 0B       		.uleb128 0xb
 1046 0055 3B       		.uleb128 0x3b
 1047 0056 0B       		.uleb128 0xb
 1048 0057 01       		.uleb128 0x1
 1049 0058 13       		.uleb128 0x13
 1050 0059 00       		.byte	0
 1051 005a 00       		.byte	0
 1052 005b 08       		.uleb128 0x8
 1053 005c 0D       		.uleb128 0xd
 1054 005d 00       		.byte	0
 1055 005e 03       		.uleb128 0x3
 1056 005f 0E       		.uleb128 0xe
 1057 0060 3A       		.uleb128 0x3a
 1058 0061 0B       		.uleb128 0xb
 1059 0062 3B       		.uleb128 0x3b
 1060 0063 0B       		.uleb128 0xb
 1061 0064 49       		.uleb128 0x49
 1062 0065 13       		.uleb128 0x13
 1063 0066 38       		.uleb128 0x38
 1064 0067 0B       		.uleb128 0xb
 1065 0068 00       		.byte	0
 1066 0069 00       		.byte	0
 1067 006a 09       		.uleb128 0x9
 1068 006b 2E       		.uleb128 0x2e
 1069 006c 01       		.byte	0x1
 1070 006d 3F       		.uleb128 0x3f
 1071 006e 19       		.uleb128 0x19
 1072 006f 03       		.uleb128 0x3
 1073 0070 0E       		.uleb128 0xe
 1074 0071 3A       		.uleb128 0x3a
 1075 0072 0B       		.uleb128 0xb
 1076 0073 3B       		.uleb128 0x3b
 1077 0074 0B       		.uleb128 0xb
 1078 0075 11       		.uleb128 0x11
 1079 0076 01       		.uleb128 0x1
 1080 0077 12       		.uleb128 0x12
 1081 0078 06       		.uleb128 0x6
 1082 0079 40       		.uleb128 0x40
 1083 007a 18       		.uleb128 0x18
 1084 007b 9642     		.uleb128 0x2116
 1085 007d 19       		.uleb128 0x19
 1086 007e 01       		.uleb128 0x1
 1087 007f 13       		.uleb128 0x13
 1088 0080 00       		.byte	0
 1089 0081 00       		.byte	0
 1090 0082 0A       		.uleb128 0xa
 1091 0083 34       		.uleb128 0x34
 1092 0084 00       		.byte	0
 1093 0085 03       		.uleb128 0x3
ARM GAS  C:\Users\pmal123\AppData\Local\Temp\ccboBe8g.s 			page 23


 1094 0086 0E       		.uleb128 0xe
 1095 0087 3A       		.uleb128 0x3a
 1096 0088 0B       		.uleb128 0xb
 1097 0089 3B       		.uleb128 0x3b
 1098 008a 0B       		.uleb128 0xb
 1099 008b 49       		.uleb128 0x49
 1100 008c 13       		.uleb128 0x13
 1101 008d 02       		.uleb128 0x2
 1102 008e 18       		.uleb128 0x18
 1103 008f 00       		.byte	0
 1104 0090 00       		.byte	0
 1105 0091 0B       		.uleb128 0xb
 1106 0092 2E       		.uleb128 0x2e
 1107 0093 00       		.byte	0
 1108 0094 3F       		.uleb128 0x3f
 1109 0095 19       		.uleb128 0x19
 1110 0096 03       		.uleb128 0x3
 1111 0097 0E       		.uleb128 0xe
 1112 0098 3A       		.uleb128 0x3a
 1113 0099 0B       		.uleb128 0xb
 1114 009a 3B       		.uleb128 0x3b
 1115 009b 0B       		.uleb128 0xb
 1116 009c 49       		.uleb128 0x49
 1117 009d 13       		.uleb128 0x13
 1118 009e 11       		.uleb128 0x11
 1119 009f 01       		.uleb128 0x1
 1120 00a0 12       		.uleb128 0x12
 1121 00a1 06       		.uleb128 0x6
 1122 00a2 40       		.uleb128 0x40
 1123 00a3 18       		.uleb128 0x18
 1124 00a4 9642     		.uleb128 0x2116
 1125 00a6 19       		.uleb128 0x19
 1126 00a7 00       		.byte	0
 1127 00a8 00       		.byte	0
 1128 00a9 0C       		.uleb128 0xc
 1129 00aa 2E       		.uleb128 0x2e
 1130 00ab 01       		.byte	0x1
 1131 00ac 3F       		.uleb128 0x3f
 1132 00ad 19       		.uleb128 0x19
 1133 00ae 03       		.uleb128 0x3
 1134 00af 0E       		.uleb128 0xe
 1135 00b0 3A       		.uleb128 0x3a
 1136 00b1 0B       		.uleb128 0xb
 1137 00b2 3B       		.uleb128 0x3b
 1138 00b3 0B       		.uleb128 0xb
 1139 00b4 27       		.uleb128 0x27
 1140 00b5 19       		.uleb128 0x19
 1141 00b6 11       		.uleb128 0x11
 1142 00b7 01       		.uleb128 0x1
 1143 00b8 12       		.uleb128 0x12
 1144 00b9 06       		.uleb128 0x6
 1145 00ba 40       		.uleb128 0x40
 1146 00bb 18       		.uleb128 0x18
 1147 00bc 9642     		.uleb128 0x2116
 1148 00be 19       		.uleb128 0x19
 1149 00bf 01       		.uleb128 0x1
 1150 00c0 13       		.uleb128 0x13
ARM GAS  C:\Users\pmal123\AppData\Local\Temp\ccboBe8g.s 			page 24


 1151 00c1 00       		.byte	0
 1152 00c2 00       		.byte	0
 1153 00c3 0D       		.uleb128 0xd
 1154 00c4 05       		.uleb128 0x5
 1155 00c5 00       		.byte	0
 1156 00c6 03       		.uleb128 0x3
 1157 00c7 08       		.uleb128 0x8
 1158 00c8 3A       		.uleb128 0x3a
 1159 00c9 0B       		.uleb128 0xb
 1160 00ca 3B       		.uleb128 0x3b
 1161 00cb 0B       		.uleb128 0xb
 1162 00cc 49       		.uleb128 0x49
 1163 00cd 13       		.uleb128 0x13
 1164 00ce 02       		.uleb128 0x2
 1165 00cf 18       		.uleb128 0x18
 1166 00d0 00       		.byte	0
 1167 00d1 00       		.byte	0
 1168 00d2 0E       		.uleb128 0xe
 1169 00d3 34       		.uleb128 0x34
 1170 00d4 00       		.byte	0
 1171 00d5 03       		.uleb128 0x3
 1172 00d6 08       		.uleb128 0x8
 1173 00d7 3A       		.uleb128 0x3a
 1174 00d8 0B       		.uleb128 0xb
 1175 00d9 3B       		.uleb128 0x3b
 1176 00da 0B       		.uleb128 0xb
 1177 00db 49       		.uleb128 0x49
 1178 00dc 13       		.uleb128 0x13
 1179 00dd 02       		.uleb128 0x2
 1180 00de 18       		.uleb128 0x18
 1181 00df 00       		.byte	0
 1182 00e0 00       		.byte	0
 1183 00e1 0F       		.uleb128 0xf
 1184 00e2 34       		.uleb128 0x34
 1185 00e3 00       		.byte	0
 1186 00e4 03       		.uleb128 0x3
 1187 00e5 0E       		.uleb128 0xe
 1188 00e6 3A       		.uleb128 0x3a
 1189 00e7 0B       		.uleb128 0xb
 1190 00e8 3B       		.uleb128 0x3b
 1191 00e9 05       		.uleb128 0x5
 1192 00ea 49       		.uleb128 0x49
 1193 00eb 13       		.uleb128 0x13
 1194 00ec 3F       		.uleb128 0x3f
 1195 00ed 19       		.uleb128 0x19
 1196 00ee 3C       		.uleb128 0x3c
 1197 00ef 19       		.uleb128 0x19
 1198 00f0 00       		.byte	0
 1199 00f1 00       		.byte	0
 1200 00f2 10       		.uleb128 0x10
 1201 00f3 35       		.uleb128 0x35
 1202 00f4 00       		.byte	0
 1203 00f5 49       		.uleb128 0x49
 1204 00f6 13       		.uleb128 0x13
 1205 00f7 00       		.byte	0
 1206 00f8 00       		.byte	0
 1207 00f9 11       		.uleb128 0x11
ARM GAS  C:\Users\pmal123\AppData\Local\Temp\ccboBe8g.s 			page 25


 1208 00fa 34       		.uleb128 0x34
 1209 00fb 00       		.byte	0
 1210 00fc 03       		.uleb128 0x3
 1211 00fd 08       		.uleb128 0x8
 1212 00fe 3A       		.uleb128 0x3a
 1213 00ff 0B       		.uleb128 0xb
 1214 0100 3B       		.uleb128 0x3b
 1215 0101 0B       		.uleb128 0xb
 1216 0102 49       		.uleb128 0x49
 1217 0103 13       		.uleb128 0x13
 1218 0104 3F       		.uleb128 0x3f
 1219 0105 19       		.uleb128 0x19
 1220 0106 02       		.uleb128 0x2
 1221 0107 18       		.uleb128 0x18
 1222 0108 00       		.byte	0
 1223 0109 00       		.byte	0
 1224 010a 12       		.uleb128 0x12
 1225 010b 34       		.uleb128 0x34
 1226 010c 00       		.byte	0
 1227 010d 03       		.uleb128 0x3
 1228 010e 0E       		.uleb128 0xe
 1229 010f 3A       		.uleb128 0x3a
 1230 0110 0B       		.uleb128 0xb
 1231 0111 3B       		.uleb128 0x3b
 1232 0112 0B       		.uleb128 0xb
 1233 0113 49       		.uleb128 0x49
 1234 0114 13       		.uleb128 0x13
 1235 0115 3F       		.uleb128 0x3f
 1236 0116 19       		.uleb128 0x19
 1237 0117 02       		.uleb128 0x2
 1238 0118 18       		.uleb128 0x18
 1239 0119 00       		.byte	0
 1240 011a 00       		.byte	0
 1241 011b 13       		.uleb128 0x13
 1242 011c 01       		.uleb128 0x1
 1243 011d 01       		.byte	0x1
 1244 011e 49       		.uleb128 0x49
 1245 011f 13       		.uleb128 0x13
 1246 0120 01       		.uleb128 0x1
 1247 0121 13       		.uleb128 0x13
 1248 0122 00       		.byte	0
 1249 0123 00       		.byte	0
 1250 0124 14       		.uleb128 0x14
 1251 0125 21       		.uleb128 0x21
 1252 0126 00       		.byte	0
 1253 0127 49       		.uleb128 0x49
 1254 0128 13       		.uleb128 0x13
 1255 0129 2F       		.uleb128 0x2f
 1256 012a 0B       		.uleb128 0xb
 1257 012b 00       		.byte	0
 1258 012c 00       		.byte	0
 1259 012d 00       		.byte	0
 1260              		.section	.debug_aranges,"",%progbits
 1261 0000 44000000 		.4byte	0x44
 1262 0004 0200     		.2byte	0x2
 1263 0006 00000000 		.4byte	.Ldebug_info0
 1264 000a 04       		.byte	0x4
ARM GAS  C:\Users\pmal123\AppData\Local\Temp\ccboBe8g.s 			page 26


 1265 000b 00       		.byte	0
 1266 000c 0000     		.2byte	0
 1267 000e 0000     		.2byte	0
 1268 0010 00000000 		.4byte	.LFB63
 1269 0014 64000000 		.4byte	.LFE63-.LFB63
 1270 0018 00000000 		.4byte	.LFB64
 1271 001c 44000000 		.4byte	.LFE64-.LFB64
 1272 0020 00000000 		.4byte	.LFB65
 1273 0024 3C000000 		.4byte	.LFE65-.LFB65
 1274 0028 00000000 		.4byte	.LFB66
 1275 002c 24000000 		.4byte	.LFE66-.LFB66
 1276 0030 00000000 		.4byte	.LFB67
 1277 0034 3A000000 		.4byte	.LFE67-.LFB67
 1278 0038 00000000 		.4byte	.LFB68
 1279 003c 28000000 		.4byte	.LFE68-.LFB68
 1280 0040 00000000 		.4byte	0
 1281 0044 00000000 		.4byte	0
 1282              		.section	.debug_ranges,"",%progbits
 1283              	.Ldebug_ranges0:
 1284 0000 00000000 		.4byte	.LFB63
 1285 0004 64000000 		.4byte	.LFE63
 1286 0008 00000000 		.4byte	.LFB64
 1287 000c 44000000 		.4byte	.LFE64
 1288 0010 00000000 		.4byte	.LFB65
 1289 0014 3C000000 		.4byte	.LFE65
 1290 0018 00000000 		.4byte	.LFB66
 1291 001c 24000000 		.4byte	.LFE66
 1292 0020 00000000 		.4byte	.LFB67
 1293 0024 3A000000 		.4byte	.LFE67
 1294 0028 00000000 		.4byte	.LFB68
 1295 002c 28000000 		.4byte	.LFE68
 1296 0030 00000000 		.4byte	0
 1297 0034 00000000 		.4byte	0
 1298              		.section	.debug_line,"",%progbits
 1299              	.Ldebug_line0:
 1300 0000 25020000 		.section	.debug_str,"MS",%progbits,1
 1300      02005501 
 1300      00000201 
 1300      FB0E0D00 
 1300      01010101 
 1301              	.LASF37:
 1302 0000 75736250 		.ascii	"usbPutChar\000"
 1302      75744368 
 1302      617200
 1303              	.LASF45:
 1304 000b 74735F65 		.ascii	"ts_enc\000"
 1304      6E6300
 1305              	.LASF38:
 1306 0012 6379636C 		.ascii	"cycle_PWM\000"
 1306      655F5057 
 1306      4D00
 1307              	.LASF54:
 1308 001c 666C6167 		.ascii	"flag_packet\000"
 1308      5F706163 
 1308      6B657400 
 1309              	.LASF64:
 1310 0028 2E5C6D61 		.ascii	".\\main.c\000"
ARM GAS  C:\Users\pmal123\AppData\Local\Temp\ccboBe8g.s 			page 27


 1310      696E2E63 
 1310      00
 1311              	.LASF51:
 1312 0031 666C6167 		.ascii	"flag_ts_speed\000"
 1312      5F74735F 
 1312      73706565 
 1312      6400
 1313              	.LASF32:
 1314 003f 67325F78 		.ascii	"g2_xpos\000"
 1314      706F7300 
 1315              	.LASF2:
 1316 0047 73686F72 		.ascii	"short int\000"
 1316      7420696E 
 1316      7400
 1317              	.LASF62:
 1318 0051 73797374 		.ascii	"system_state\000"
 1318      656D5F73 
 1318      74617465 
 1318      00
 1319              	.LASF9:
 1320 005e 73697A65 		.ascii	"sizetype\000"
 1320      74797065 
 1320      00
 1321              	.LASF61:
 1322 0067 75736242 		.ascii	"usbBuffer\000"
 1322      75666665 
 1322      7200
 1323              	.LASF40:
 1324 0071 666C7563 		.ascii	"fluct\000"
 1324      7400
 1325              	.LASF67:
 1326 0077 6D61696E 		.ascii	"main\000"
 1326      00
 1327              	.LASF18:
 1328 007c 646F7562 		.ascii	"double\000"
 1328      6C6500
 1329              	.LASF14:
 1330 0083 75696E74 		.ascii	"uint16\000"
 1330      313600
 1331              	.LASF20:
 1332 008a 696E6465 		.ascii	"index\000"
 1332      7800
 1333              	.LASF16:
 1334 0090 696E7431 		.ascii	"int16\000"
 1334      3600
 1335              	.LASF13:
 1336 0096 75696E74 		.ascii	"uint8\000"
 1336      3800
 1337              	.LASF31:
 1338 009c 67315F64 		.ascii	"g1_direction\000"
 1338      69726563 
 1338      74696F6E 
 1338      00
 1339              	.LASF65:
 1340 00a9 443A5C47 		.ascii	"D:\\GP1_CS301\\CS301-Team-Repo\\CS301_Class.cydsn\000"
 1340      50315F43 
 1340      53333031 
ARM GAS  C:\Users\pmal123\AppData\Local\Temp\ccboBe8g.s 			page 28


 1340      5C435333 
 1340      30312D54 
 1341              	.LASF59:
 1342 00d8 6C696E65 		.ascii	"line\000"
 1342      00
 1343              	.LASF39:
 1344 00dd 75617274 		.ascii	"uart_set_PWM\000"
 1344      5F736574 
 1344      5F50574D 
 1344      00
 1345              	.LASF17:
 1346 00ea 666C6F61 		.ascii	"float\000"
 1346      7400
 1347              	.LASF6:
 1348 00f0 6C6F6E67 		.ascii	"long long int\000"
 1348      206C6F6E 
 1348      6720696E 
 1348      7400
 1349              	.LASF36:
 1350 00fe 75736250 		.ascii	"usbPutString\000"
 1350      75745374 
 1350      72696E67 
 1350      00
 1351              	.LASF15:
 1352 010b 696E7438 		.ascii	"int8\000"
 1352      00
 1353              	.LASF50:
 1354 0110 666C6167 		.ascii	"flag_ts_update\000"
 1354      5F74735F 
 1354      75706461 
 1354      746500
 1355              	.LASF33:
 1356 011f 67325F79 		.ascii	"g2_ypos\000"
 1356      706F7300 
 1357              	.LASF27:
 1358 0127 67305F64 		.ascii	"g0_direction\000"
 1358      69726563 
 1358      74696F6E 
 1358      00
 1359              	.LASF24:
 1360 0134 67305F78 		.ascii	"g0_xpos\000"
 1360      706F7300 
 1361              	.LASF63:
 1362 013c 474E5520 		.ascii	"GNU C 4.9.3 20150303 (release) [ARM/embedded-4_9-br"
 1362      4320342E 
 1362      392E3320 
 1362      32303135 
 1362      30333033 
 1363 016f 616E6368 		.ascii	"anch revision 221220] -mcpu=cortex-m3 -mthumb -g -O"
 1363      20726576 
 1363      6973696F 
 1363      6E203232 
 1363      31323230 
 1364 01a2 30202D66 		.ascii	"0 -ffunction-sections -ffat-lto-objects\000"
 1364      66756E63 
 1364      74696F6E 
 1364      2D736563 
ARM GAS  C:\Users\pmal123\AppData\Local\Temp\ccboBe8g.s 			page 29


 1364      74696F6E 
 1365              	.LASF52:
 1366 01ca 666C6167 		.ascii	"flag_ts_display\000"
 1366      5F74735F 
 1366      64697370 
 1366      6C617900 
 1367              	.LASF53:
 1368 01da 666C6167 		.ascii	"flag_rx\000"
 1368      5F727800 
 1369              	.LASF60:
 1370 01e2 656E7472 		.ascii	"entry\000"
 1370      7900
 1371              	.LASF1:
 1372 01e8 756E7369 		.ascii	"unsigned char\000"
 1372      676E6564 
 1372      20636861 
 1372      7200
 1373              	.LASF26:
 1374 01f6 67305F73 		.ascii	"g0_speed\000"
 1374      70656564 
 1374      00
 1375              	.LASF56:
 1376 01ff 64617461 		.ascii	"dataready_flag\000"
 1376      72656164 
 1376      795F666C 
 1376      616700
 1377              	.LASF0:
 1378 020e 7369676E 		.ascii	"signed char\000"
 1378      65642063 
 1378      68617200 
 1379              	.LASF7:
 1380 021a 6C6F6E67 		.ascii	"long long unsigned int\000"
 1380      206C6F6E 
 1380      6720756E 
 1380      7369676E 
 1380      65642069 
 1381              	.LASF8:
 1382 0231 756E7369 		.ascii	"unsigned int\000"
 1382      676E6564 
 1382      20696E74 
 1382      00
 1383              	.LASF55:
 1384 023e 666C6167 		.ascii	"flag_KB_string\000"
 1384      5F4B425F 
 1384      73747269 
 1384      6E6700
 1385              	.LASF43:
 1386 024d 75736242 		.ascii	"usbBufCount\000"
 1386      7566436F 
 1386      756E7400 
 1387              	.LASF34:
 1388 0259 67325F73 		.ascii	"g2_speed\000"
 1388      70656564 
 1388      00
 1389              	.LASF28:
 1390 0262 67315F78 		.ascii	"g1_xpos\000"
 1390      706F7300 
ARM GAS  C:\Users\pmal123\AppData\Local\Temp\ccboBe8g.s 			page 30


 1391              	.LASF3:
 1392 026a 73686F72 		.ascii	"short unsigned int\000"
 1392      7420756E 
 1392      7369676E 
 1392      65642069 
 1392      6E7400
 1393              	.LASF66:
 1394 027d 64617461 		.ascii	"data_main\000"
 1394      5F6D6169 
 1394      6E00
 1395              	.LASF10:
 1396 0287 63686172 		.ascii	"char\000"
 1396      00
 1397              	.LASF4:
 1398 028c 6C6F6E67 		.ascii	"long int\000"
 1398      20696E74 
 1398      00
 1399              	.LASF21:
 1400 0295 726F626F 		.ascii	"robot_xpos\000"
 1400      745F7870 
 1400      6F7300
 1401              	.LASF12:
 1402 02a0 696E7433 		.ascii	"int32_t\000"
 1402      325F7400 
 1403              	.LASF29:
 1404 02a8 67315F79 		.ascii	"g1_ypos\000"
 1404      706F7300 
 1405              	.LASF35:
 1406 02b0 67325F64 		.ascii	"g2_direction\000"
 1406      69726563 
 1406      74696F6E 
 1406      00
 1407              	.LASF30:
 1408 02bd 67315F73 		.ascii	"g1_speed\000"
 1408      70656564 
 1408      00
 1409              	.LASF58:
 1410 02c6 64697370 		.ascii	"displaystring\000"
 1410      6C617973 
 1410      7472696E 
 1410      6700
 1411              	.LASF5:
 1412 02d4 6C6F6E67 		.ascii	"long unsigned int\000"
 1412      20756E73 
 1412      69676E65 
 1412      6420696E 
 1412      7400
 1413              	.LASF42:
 1414 02e6 75736253 		.ascii	"usbStarted\000"
 1414      74617274 
 1414      656400
 1415              	.LASF47:
 1416 02f1 74735F73 		.ascii	"ts_speed\000"
 1416      70656564 
 1416      00
 1417              	.LASF49:
 1418 02fa 666C6167 		.ascii	"flag_ts_enc\000"
ARM GAS  C:\Users\pmal123\AppData\Local\Temp\ccboBe8g.s 			page 31


 1418      5F74735F 
 1418      656E6300 
 1419              	.LASF11:
 1420 0306 5F5F696E 		.ascii	"__int32_t\000"
 1420      7433325F 
 1420      7400
 1421              	.LASF25:
 1422 0310 67305F79 		.ascii	"g0_ypos\000"
 1422      706F7300 
 1423              	.LASF48:
 1424 0318 74735F64 		.ascii	"ts_display\000"
 1424      6973706C 
 1424      617900
 1425              	.LASF46:
 1426 0323 74735F75 		.ascii	"ts_update\000"
 1426      70646174 
 1426      6500
 1427              	.LASF41:
 1428 032d 68616E64 		.ascii	"handle_usb\000"
 1428      6C655F75 
 1428      736200
 1429              	.LASF57:
 1430 0338 666C6167 		.ascii	"flag_rf_transmission_active\000"
 1430      5F72665F 
 1430      7472616E 
 1430      736D6973 
 1430      73696F6E 
 1431              	.LASF22:
 1432 0354 726F626F 		.ascii	"robot_ypos\000"
 1432      745F7970 
 1432      6F7300
 1433              	.LASF44:
 1434 035f 49544D5F 		.ascii	"ITM_RxBuffer\000"
 1434      52784275 
 1434      66666572 
 1434      00
 1435              	.LASF19:
 1436 036c 72737369 		.ascii	"rssi\000"
 1436      00
 1437              	.LASF23:
 1438 0371 726F626F 		.ascii	"robot_orientation\000"
 1438      745F6F72 
 1438      69656E74 
 1438      6174696F 
 1438      6E00
 1439              		.ident	"GCC: (GNU Tools for ARM Embedded Processors) 4.9.3 20150303 (release) [ARM/embedded-4_9-br
